#
# There is insufficient memory for the Java Runtime Environment to continue.
# Native memory allocation (malloc) failed to allocate 1048576 bytes. Error detail: AllocateHeap
# Possible reasons:
#   The system is out of physical RAM or swap space
#   This process is running with CompressedOops enabled, and the Java Heap may be blocking the growth of the native heap
# Possible solutions:
#   Reduce memory load on the system
#   Increase physical memory or swap space
#   Check if swap backing store is full
#   Decrease Java heap size (-Xmx/-Xms)
#   Decrease number of Java threads
#   Decrease Java thread stack sizes (-Xss)
#   Set larger code cache with -XX:ReservedCodeCacheSize=
#   JVM is running with Unscaled Compressed Oops mode in which the Java heap is
#     placed in the first 4GB address space. The Java Heap base address is the
#     maximum limit for the native heap growth. Please use -XX:HeapBaseMinAddress
#     to set the Java Heap base and to place the Java Heap above 4GB virtual address.
# This output file may be truncated or incomplete.
#
#  Out of Memory Error (allocation.cpp:44), pid=27372, tid=16240
#
# JRE version: OpenJDK Runtime Environment Temurin-21.0.9+10 (21.0.9+10) (build 21.0.9+10-LTS)
# Java VM: OpenJDK 64-Bit Server VM Temurin-21.0.9+10 (21.0.9+10-LTS, mixed mode, sharing, tiered, compressed oops, compressed class ptrs, parallel gc, windows-amd64)
# No core dump will be written. Minidumps are not enabled by default on client versions of Windows
#

---------------  S U M M A R Y ------------

Command Line: --add-modules=ALL-SYSTEM --add-opens=java.base/java.util=ALL-UNNAMED --add-opens=java.base/java.lang=ALL-UNNAMED --add-opens=java.base/sun.nio.fs=ALL-UNNAMED -Declipse.application=org.eclipse.jdt.ls.core.id1 -Dosgi.bundles.defaultStartLevel=4 -Declipse.product=org.eclipse.jdt.ls.core.product -Djava.import.generatesMetadataFilesAtProjectRoot=false -DDetectVMInstallationsJob.disabled=true -Dfile.encoding=utf8 -XX:+UseParallelGC -XX:GCTimeRatio=4 -XX:AdaptiveSizePolicyWeight=90 -Dsun.zip.disableMemoryMapping=true -Xmx2G -Xms100m -Xlog:disable -javaagent:c:\Users\HP\.vscode\extensions\redhat.java-1.52.0-win32-x64\lombok\lombok-1.18.39-4050.jar -XX:+HeapDumpOnOutOfMemoryError -XX:HeapDumpPath=c:\Users\HP\AppData\Roaming\Code\User\workspaceStorage\b92cd78c7fc6233ae7304c7b207eac48\redhat.java -Daether.dependencyCollector.impl=bf c:\Users\HP\.vscode\extensions\redhat.java-1.52.0-win32-x64\server\plugins\org.eclipse.equinox.launcher_1.7.100.v20251111-0406.jar -configuration c:\Users\HP\AppData\Roaming\Code\User\globalStorage\redhat.java\1.52.0\config_win -data c:\Users\HP\AppData\Roaming\Code\User\workspaceStorage\b92cd78c7fc6233ae7304c7b207eac48\redhat.java\jdt_ws --pipe=\\.\pipe\lsp-4bf5dc42682420b18deacec10c4cf3fa-sock

Host: 11th Gen Intel(R) Core(TM) i5-1135G7 @ 2.40GHz, 8 cores, 7G,  Windows 11 , 64 bit Build 26100 (10.0.26100.7623)
Time: Thu Feb 12 12:03:30 2026 E. Africa Standard Time elapsed time: 277.227998 seconds (0d 0h 4m 37s)

---------------  T H R E A D  ---------------

Current thread (0x0000029cd62c1360):  JavaThread "Attach Listener" daemon [_thread_in_vm, id=16240, stack(0x000000bd3af00000,0x000000bd3b000000) (1024K)]

Stack: [0x000000bd3af00000,0x000000bd3b000000]
Native frames: (J=compiled Java code, j=interpreted, Vv=VM code, C=native code)
V  [jvm.dll+0x6d6e29]
V  [jvm.dll+0x8b4b76]
V  [jvm.dll+0x8b712e]
V  [jvm.dll+0x8b7813]
V  [jvm.dll+0x283d86]
V  [jvm.dll+0xc1277]
V  [jvm.dll+0x6d76d9]
V  [jvm.dll+0x133466]
V  [jvm.dll+0x3f7ea6]
V  [jvm.dll+0x85e9ad]
V  [jvm.dll+0x6d565d]
C  [ucrtbase.dll+0x37b0]
C  [KERNEL32.DLL+0x2e8d7]
C  [ntdll.dll+0x8c53c]


---------------  P R O C E S S  ---------------

Threads class SMR info:
_java_thread_list=0x0000029cf68730d0, length=35, elements={
0x0000029cd634be70, 0x0000029cd62bdba0, 0x0000029cd62beab0, 0x0000029cd62c0710,
0x0000029cd62c1360, 0x0000029cd62c1db0, 0x0000029cd62c73d0, 0x0000029cd62c7ed0,
0x0000029cee5d1880, 0x0000029cee7e3fc0, 0x0000029cee813370, 0x0000029cf3213d30,
0x0000029cf3157f70, 0x0000029cf3098870, 0x0000029cf307ea00, 0x0000029cf3b52790,
0x0000029cf3a98530, 0x0000029cee874060, 0x0000029cf300ee90, 0x0000029cf3f22590,
0x0000029cf3f24cf0, 0x0000029cf3f24660, 0x0000029cf3f23940, 0x0000029cf3f232b0,
0x0000029cf4d07cf0, 0x0000029cf4d08380, 0x0000029cf4d06940, 0x0000029cf4d05c20,
0x0000029cf4d04f00, 0x0000029cf4d05590, 0x0000029cf4d06fd0, 0x0000029cf4d07660,
0x0000029cf4d08a10, 0x0000029cf4d090a0, 0x0000029cf4d0a450
}

Java Threads: ( => current thread )
  0x0000029cd634be70 JavaThread "main"                              [_thread_blocked, id=21744, stack(0x000000bd3a800000,0x000000bd3a900000) (1024K)]
  0x0000029cd62bdba0 JavaThread "Reference Handler"          daemon [_thread_blocked, id=36488, stack(0x000000bd3ac00000,0x000000bd3ad00000) (1024K)]
  0x0000029cd62beab0 JavaThread "Finalizer"                  daemon [_thread_blocked, id=2452, stack(0x000000bd3ad00000,0x000000bd3ae00000) (1024K)]
  0x0000029cd62c0710 JavaThread "Signal Dispatcher"          daemon [_thread_blocked, id=32952, stack(0x000000bd3ae00000,0x000000bd3af00000) (1024K)]
=>0x0000029cd62c1360 JavaThread "Attach Listener"            daemon [_thread_in_vm, id=16240, stack(0x000000bd3af00000,0x000000bd3b000000) (1024K)]
  0x0000029cd62c1db0 JavaThread "Service Thread"             daemon [_thread_blocked, id=12872, stack(0x000000bd3b000000,0x000000bd3b100000) (1024K)]
  0x0000029cd62c73d0 JavaThread "Monitor Deflation Thread"   daemon [_thread_blocked, id=23868, stack(0x000000bd3b100000,0x000000bd3b200000) (1024K)]
  0x0000029cd62c7ed0 JavaThread "C2 CompilerThread0"         daemon [_thread_blocked, id=37884, stack(0x000000bd3b200000,0x000000bd3b300000) (1024K)]
  0x0000029cee5d1880 JavaThread "C1 CompilerThread0"         daemon [_thread_blocked, id=32816, stack(0x000000bd3b300000,0x000000bd3b400000) (1024K)]
  0x0000029cee7e3fc0 JavaThread "Common-Cleaner"             daemon [_thread_blocked, id=21892, stack(0x000000bd3b400000,0x000000bd3b500000) (1024K)]
  0x0000029cee813370 JavaThread "Notification Thread"        daemon [_thread_blocked, id=37320, stack(0x000000bd3b500000,0x000000bd3b600000) (1024K)]
  0x0000029cf3213d30 JavaThread "Active Thread: Equinox Container: a9e8c074-05b6-40f9-adef-f2ee77fbe939"        [_thread_blocked, id=35072, stack(0x000000bd3bc00000,0x000000bd3bd00000) (1024K)]
  0x0000029cf3157f70 JavaThread "Refresh Thread: Equinox Container: a9e8c074-05b6-40f9-adef-f2ee77fbe939" daemon [_thread_blocked, id=29884, stack(0x000000bd3be00000,0x000000bd3bf00000) (1024K)]
  0x0000029cf3098870 JavaThread "Framework Event Dispatcher: Equinox Container: a9e8c074-05b6-40f9-adef-f2ee77fbe939" daemon [_thread_blocked, id=31292, stack(0x000000bd3bf00000,0x000000bd3c000000) (1024K)]
  0x0000029cf307ea00 JavaThread "Start Level: Equinox Container: a9e8c074-05b6-40f9-adef-f2ee77fbe939" daemon [_thread_blocked, id=13860, stack(0x000000bd3c000000,0x000000bd3c100000) (1024K)]
  0x0000029cf3b52790 JavaThread "Bundle File Closer"         daemon [_thread_blocked, id=36012, stack(0x000000bd3c100000,0x000000bd3c200000) (1024K)]
  0x0000029cf3a98530 JavaThread "SCR Component Actor"        daemon [_thread_blocked, id=13052, stack(0x000000bd3c200000,0x000000bd3c300000) (1024K)]
  0x0000029cee874060 JavaThread "Worker-JM"                         [_thread_blocked, id=4732, stack(0x000000bd3c300000,0x000000bd3c400000) (1024K)]
  0x0000029cf300ee90 JavaThread "JNA Cleaner"                daemon [_thread_blocked, id=34444, stack(0x000000bd3c400000,0x000000bd3c500000) (1024K)]
  0x0000029cf3f22590 JavaThread "Worker-2"                          [_thread_blocked, id=7360, stack(0x000000bd3c700000,0x000000bd3c800000) (1024K)]
  0x0000029cf3f24cf0 JavaThread "Java indexing"              daemon [_thread_blocked, id=5496, stack(0x000000bd3c800000,0x000000bd3c900000) (1024K)]
  0x0000029cf3f24660 JavaThread "Worker-3"                          [_thread_blocked, id=29172, stack(0x000000bd3c900000,0x000000bd3ca00000) (1024K)]
  0x0000029cf3f23940 JavaThread "Thread-1"                   daemon [_thread_in_native, id=9716, stack(0x000000bd3cf00000,0x000000bd3d000000) (1024K)]
  0x0000029cf3f232b0 JavaThread "Thread-2"                   daemon [_thread_in_native, id=29208, stack(0x000000bd3d000000,0x000000bd3d100000) (1024K)]
  0x0000029cf4d07cf0 JavaThread "Thread-3"                   daemon [_thread_in_native, id=8304, stack(0x000000bd3d100000,0x000000bd3d200000) (1024K)]
  0x0000029cf4d08380 JavaThread "Thread-4"                   daemon [_thread_in_native, id=3372, stack(0x000000bd3d200000,0x000000bd3d300000) (1024K)]
  0x0000029cf4d06940 JavaThread "Thread-5"                   daemon [_thread_in_native, id=6272, stack(0x000000bd3d300000,0x000000bd3d400000) (1024K)]
  0x0000029cf4d05c20 JavaThread "Thread-6"                   daemon [_thread_in_native, id=15840, stack(0x000000bd3d400000,0x000000bd3d500000) (1024K)]
  0x0000029cf4d04f00 JavaThread "Thread-7"                   daemon [_thread_in_native, id=25392, stack(0x000000bd3d500000,0x000000bd3d600000) (1024K)]
  0x0000029cf4d05590 JavaThread "Thread-8"                   daemon [_thread_in_native, id=17972, stack(0x000000bd3d600000,0x000000bd3d700000) (1024K)]
  0x0000029cf4d06fd0 JavaThread "Thread-9"                   daemon [_thread_in_native, id=17184, stack(0x000000bd3d700000,0x000000bd3d800000) (1024K)]
  0x0000029cf4d07660 JavaThread "pool-2-thread-1"                   [_thread_blocked, id=11800, stack(0x000000bd3d800000,0x000000bd3d900000) (1024K)]
  0x0000029cf4d08a10 JavaThread "WorkspaceEventsHandler"            [_thread_blocked, id=10692, stack(0x000000bd3d900000,0x000000bd3da00000) (1024K)]
  0x0000029cf4d090a0 JavaThread "pool-1-thread-1"                   [_thread_blocked, id=29272, stack(0x000000bd3da00000,0x000000bd3db00000) (1024K)]
  0x0000029cf4d0a450 JavaThread "Timer-0"                           [_thread_blocked, id=22140, stack(0x000000bd3df00000,0x000000bd3e000000) (1024K)]
Total: 35

Other Threads:
  0x0000029cd640e860 VMThread "VM Thread"                           [id=5212, stack(0x000000bd3ab00000,0x000000bd3ac00000) (1024K)]
  0x0000029cd63b94c0 WatcherThread "VM Periodic Task Thread"        [id=37632, stack(0x000000bd3aa00000,0x000000bd3ab00000) (1024K)]
  0x0000029cd636a180 WorkerThread "GC Thread#0"                     [id=23712, stack(0x000000bd3a900000,0x000000bd3aa00000) (1024K)]
  0x0000029cf317b180 WorkerThread "GC Thread#1"                     [id=29576, stack(0x000000bd3b600000,0x000000bd3b700000) (1024K)]
  0x0000029cf33b3dd0 WorkerThread "GC Thread#2"                     [id=27532, stack(0x000000bd3b700000,0x000000bd3b800000) (1024K)]
  0x0000029cf33b4170 WorkerThread "GC Thread#3"                     [id=35324, stack(0x000000bd3b800000,0x000000bd3b900000) (1024K)]
  0x0000029cf33b4510 WorkerThread "GC Thread#4"                     [id=21084, stack(0x000000bd3b900000,0x000000bd3ba00000) (1024K)]
  0x0000029cf33b48b0 WorkerThread "GC Thread#5"                     [id=29728, stack(0x000000bd3ba00000,0x000000bd3bb00000) (1024K)]
  0x0000029cf33b4c50 WorkerThread "GC Thread#6"                     [id=23928, stack(0x000000bd3bb00000,0x000000bd3bc00000) (1024K)]
  0x0000029cf35e6930 WorkerThread "GC Thread#7"                     [id=23332, stack(0x000000bd3bd00000,0x000000bd3be00000) (1024K)]
Total: 10

Threads with active compile tasks:
Total: 0

VM state: not at safepoint (normal execution)

VM Mutex/Monitor currently owned by a thread: None

Heap address: 0x0000000080000000, size: 2048 MB, Compressed Oops mode: 32-bit

CDS archive(s) mapped at: [0x0000029c80000000-0x0000029c80ba0000-0x0000029c80ba0000), size 12189696, SharedBaseAddress: 0x0000029c80000000, ArchiveRelocationMode: 1.
Compressed class space mapped at: 0x0000029c81000000-0x0000029cc1000000, reserved size: 1073741824
Narrow klass base: 0x0000029c80000000, Narrow klass shift: 0, Narrow klass range: 0x100000000

GC Precious Log:
 CardTable entry size: 512
 CPUs: 8 total, 8 available
 Memory: 7834M
 Large Page Support: Disabled
 NUMA Support: Disabled
 Compressed Oops: Enabled (32-bit)
 Alignments: Space 512K, Generation 512K, Heap 2M
 Heap Min Capacity: 100M
 Heap Initial Capacity: 100M
 Heap Max Capacity: 2G
 Pre-touch: Disabled
 Parallel Workers: 8

Heap:
 PSYoungGen      total 26624K, used 22771K [0x00000000d5580000, 0x00000000d7300000, 0x0000000100000000)
  eden space 22016K, 93% used [0x00000000d5580000,0x00000000d6996b68,0x00000000d6b00000)
  from space 4608K, 47% used [0x00000000d6b00000,0x00000000d6d26210,0x00000000d6f80000)
  to   space 3072K, 0% used [0x00000000d7000000,0x00000000d7000000,0x00000000d7300000)
 ParOldGen       total 68608K, used 50921K [0x0000000080000000, 0x0000000084300000, 0x00000000d5580000)
  object space 68608K, 74% used [0x0000000080000000,0x00000000831ba4f8,0x0000000084300000)
 Metaspace       used 61886K, committed 63168K, reserved 1114112K
  class space    used 7312K, committed 7872K, reserved 1048576K

Card table byte_map: [0x0000029cd5cf0000,0x0000029cd6100000] _byte_map_base: 0x0000029cd58f0000

Marking Bits: (ParMarkBitMap*) 0x00007ff800ed2460
 Begin Bits: [0x0000029ce8800000, 0x0000029cea800000)
 End Bits:   [0x0000029cea800000, 0x0000029cec800000)

Polling page: 0x0000029cd41c0000

Metaspace:

Usage:
  Non-class:     53.29 MB used.
      Class:      7.14 MB used.
       Both:     60.44 MB used.

Virtual space:
  Non-class space:       64.00 MB reserved,      54.00 MB ( 84%) committed,  1 nodes.
      Class space:        1.00 GB reserved,       7.69 MB ( <1%) committed,  1 nodes.
             Both:        1.06 GB reserved,      61.69 MB (  6%) committed. 

Chunk freelists:
   Non-Class:  9.97 MB
       Class:  8.16 MB
        Both:  18.13 MB

MaxMetaspaceSize: unlimited
CompressedClassSpaceSize: 1.00 GB
Initial GC threshold: 21.00 MB
Current GC threshold: 97.31 MB
CDS: on
 - commit_granule_bytes: 65536.
 - commit_granule_words: 8192.
 - virtual_space_node_default_size: 8388608.
 - enlarge_chunks_in_place: 1.
 - use_allocation_guard: 0.


Internal statistics:

num_allocs_failed_limit: 9.
num_arena_births: 1040.
num_arena_deaths: 24.
num_vsnodes_births: 2.
num_vsnodes_deaths: 0.
num_space_committed: 987.
num_space_uncommitted: 0.
num_chunks_returned_to_freelist: 36.
num_chunks_taken_from_freelist: 3663.
num_chunk_merges: 15.
num_chunk_splits: 2285.
num_chunks_enlarged: 1350.
num_inconsistent_stats: 0.

CodeHeap 'non-profiled nmethods': size=120000Kb used=3906Kb max_used=3906Kb free=116093Kb
 bounds [0x0000029ce1020000, 0x0000029ce1400000, 0x0000029ce8550000]
CodeHeap 'profiled nmethods': size=120000Kb used=14351Kb max_used=14351Kb free=105648Kb
 bounds [0x0000029cd9550000, 0x0000029cda360000, 0x0000029ce0a80000]
CodeHeap 'non-nmethods': size=5760Kb used=1435Kb max_used=1487Kb free=4324Kb
 bounds [0x0000029ce0a80000, 0x0000029ce0cf0000, 0x0000029ce1020000]
CodeCache: size=245760Kb, used=19692Kb, max_used=19744Kb, free=226065Kb
 total_blobs=8221, nmethods=7490, adapters=637, full_count=0
Compilation: enabled, stopped_count=0, restarted_count=0

Compilation events (20 events):
Event: 48.750 Thread 0x0000029cee5d1880 8154       3       java.util.concurrent.atomic.AtomicReference::getAndSet (9 bytes)
Event: 48.756 Thread 0x0000029cee5d1880 nmethod 8154 0x0000029cda34d410 code [0x0000029cda34d6a0, 0x0000029cda34e2f8]
Event: 55.748 Thread 0x0000029cee5d1880 8155       3       java.util.TaskQueue::isEmpty (13 bytes)
Event: 55.750 Thread 0x0000029cee5d1880 nmethod 8155 0x0000029cda34e690 code [0x0000029cda34e820, 0x0000029cda34e980]
Event: 67.635 Thread 0x0000029cee5d1880 8156       3       java.util.concurrent.ThreadPoolExecutor::workerCountOf (5 bytes)
Event: 67.636 Thread 0x0000029cee5d1880 nmethod 8156 0x0000029cda34ea10 code [0x0000029cda34eba0, 0x0000029cda34ec98]
Event: 87.750 Thread 0x0000029cee5d1880 8157       3       java.util.TaskQueue::getMin (7 bytes)
Event: 87.758 Thread 0x0000029cee5d1880 nmethod 8157 0x0000029cda34ed10 code [0x0000029cda34eec0, 0x0000029cda34eff8]
Event: 131.474 Thread 0x0000029cee5d1880 8158       3       java.util.concurrent.ScheduledThreadPoolExecutor::canRunInCurrentRunState (61 bytes)
Event: 131.570 Thread 0x0000029cee5d1880 nmethod 8158 0x0000029cda34f110 code [0x0000029cda34f320, 0x0000029cda34fad0]
Event: 141.235 Thread 0x0000029cee5d1880 8159   !   3       java.util.concurrent.locks.AbstractQueuedSynchronizer::tryInitializeHead (66 bytes)
Event: 141.246 Thread 0x0000029cee5d1880 nmethod 8159 0x0000029cda34fd10 code [0x0000029cda34ff00, 0x0000029cda350428]
Event: 151.742 Thread 0x0000029cee5d1880 8160       3       java.util.TaskQueue::rescheduleMin (16 bytes)
Event: 151.746 Thread 0x0000029cee5d1880 nmethod 8160 0x0000029cda350610 code [0x0000029cda3507c0, 0x0000029cda350938]
Event: 151.746 Thread 0x0000029cee5d1880 8161       3       java.util.TaskQueue::fixDown (108 bytes)
Event: 151.747 Thread 0x0000029cee5d1880 nmethod 8161 0x0000029cda350a90 code [0x0000029cda350c80, 0x0000029cda351260]
Event: 151.748 Thread 0x0000029cee5d1880 8162       3       org.eclipse.buildship.core.internal.util.progress.RateLimitingProgressMonitor$1::run (55 bytes)
Event: 151.863 Thread 0x0000029cee5d1880 nmethod 8162 0x0000029cda351510 code [0x0000029cda3518e0, 0x0000029cda353550]
Event: 171.492 Thread 0x0000029cee5d1880 8163       1       java.util.concurrent.ThreadPoolExecutor::getQueue (5 bytes)
Event: 171.495 Thread 0x0000029cee5d1880 nmethod 8163 0x0000029ce13f0610 code [0x0000029ce13f07a0, 0x0000029ce13f0868]

GC Heap History (20 events):
Event: 26.826 GC heap before
{Heap before GC invocations=29 (full 2):
 PSYoungGen      total 22528K, used 7917K [0x00000000d5580000, 0x00000000d7600000, 0x0000000100000000)
  eden space 22016K, 33% used [0x00000000d5580000,0x00000000d5cc3708,0x00000000d6b00000)
  from space 512K, 93% used [0x00000000d7580000,0x00000000d75f8020,0x00000000d7600000)
  to   space 3072K, 0% used [0x00000000d7000000,0x00000000d7000000,0x00000000d7300000)
 ParOldGen       total 68608K, used 41746K [0x0000000080000000, 0x0000000084300000, 0x00000000d5580000)
  object space 68608K, 60% used [0x0000000080000000,0x00000000828c4b68,0x0000000084300000)
 Metaspace       used 58504K, committed 59776K, reserved 1114112K
  class space    used 6918K, committed 7488K, reserved 1048576K
}
Event: 26.827 GC heap after
{Heap after GC invocations=29 (full 2):
 PSYoungGen      total 25088K, used 352K [0x00000000d5580000, 0x00000000d7600000, 0x0000000100000000)
  eden space 22016K, 0% used [0x00000000d5580000,0x00000000d5580000,0x00000000d6b00000)
  from space 3072K, 11% used [0x00000000d7000000,0x00000000d7058000,0x00000000d7300000)
  to   space 1536K, 0% used [0x00000000d7480000,0x00000000d7480000,0x00000000d7600000)
 ParOldGen       total 68608K, used 42250K [0x0000000080000000, 0x0000000084300000, 0x00000000d5580000)
  object space 68608K, 61% used [0x0000000080000000,0x0000000082942b88,0x0000000084300000)
 Metaspace       used 58504K, committed 59776K, reserved 1114112K
  class space    used 6918K, committed 7488K, reserved 1048576K
}
Event: 26.827 GC heap before
{Heap before GC invocations=30 (full 3):
 PSYoungGen      total 25088K, used 352K [0x00000000d5580000, 0x00000000d7600000, 0x0000000100000000)
  eden space 22016K, 0% used [0x00000000d5580000,0x00000000d5580000,0x00000000d6b00000)
  from space 3072K, 11% used [0x00000000d7000000,0x00000000d7058000,0x00000000d7300000)
  to   space 1536K, 0% used [0x00000000d7480000,0x00000000d7480000,0x00000000d7600000)
 ParOldGen       total 68608K, used 42250K [0x0000000080000000, 0x0000000084300000, 0x00000000d5580000)
  object space 68608K, 61% used [0x0000000080000000,0x0000000082942b88,0x0000000084300000)
 Metaspace       used 58504K, committed 59776K, reserved 1114112K
  class space    used 6918K, committed 7488K, reserved 1048576K
}
Event: 26.894 GC heap after
{Heap after GC invocations=30 (full 3):
 PSYoungGen      total 25088K, used 0K [0x00000000d5580000, 0x00000000d7600000, 0x0000000100000000)
  eden space 22016K, 0% used [0x00000000d5580000,0x00000000d5580000,0x00000000d6b00000)
  from space 3072K, 0% used [0x00000000d7000000,0x00000000d7000000,0x00000000d7300000)
  to   space 1536K, 0% used [0x00000000d7480000,0x00000000d7480000,0x00000000d7600000)
 ParOldGen       total 68608K, used 40354K [0x0000000080000000, 0x0000000084300000, 0x00000000d5580000)
  object space 68608K, 58% used [0x0000000080000000,0x0000000082768920,0x0000000084300000)
 Metaspace       used 58504K, committed 59776K, reserved 1114112K
  class space    used 6918K, committed 7488K, reserved 1048576K
}
Event: 27.758 GC heap before
{Heap before GC invocations=31 (full 3):
 PSYoungGen      total 25088K, used 22016K [0x00000000d5580000, 0x00000000d7600000, 0x0000000100000000)
  eden space 22016K, 100% used [0x00000000d5580000,0x00000000d6b00000,0x00000000d6b00000)
  from space 3072K, 0% used [0x00000000d7000000,0x00000000d7000000,0x00000000d7300000)
  to   space 1536K, 0% used [0x00000000d7480000,0x00000000d7480000,0x00000000d7600000)
 ParOldGen       total 68608K, used 40354K [0x0000000080000000, 0x0000000084300000, 0x00000000d5580000)
  object space 68608K, 58% used [0x0000000080000000,0x0000000082768920,0x0000000084300000)
 Metaspace       used 58985K, committed 60288K, reserved 1114112K
  class space    used 7021K, committed 7616K, reserved 1048576K
}
Event: 27.759 GC heap after
{Heap after GC invocations=31 (full 3):
 PSYoungGen      total 22528K, used 352K [0x00000000d5580000, 0x00000000d7500000, 0x0000000100000000)
  eden space 22016K, 0% used [0x00000000d5580000,0x00000000d5580000,0x00000000d6b00000)
  from space 512K, 68% used [0x00000000d7480000,0x00000000d74d8000,0x00000000d7500000)
  to   space 512K, 0% used [0x00000000d7400000,0x00000000d7400000,0x00000000d7480000)
 ParOldGen       total 68608K, used 40362K [0x0000000080000000, 0x0000000084300000, 0x00000000d5580000)
  object space 68608K, 58% used [0x0000000080000000,0x000000008276a920,0x0000000084300000)
 Metaspace       used 58985K, committed 60288K, reserved 1114112K
  class space    used 7021K, committed 7616K, reserved 1048576K
}
Event: 28.242 GC heap before
{Heap before GC invocations=32 (full 3):
 PSYoungGen      total 22528K, used 22366K [0x00000000d5580000, 0x00000000d7500000, 0x0000000100000000)
  eden space 22016K, 99% used [0x00000000d5580000,0x00000000d6affbf0,0x00000000d6b00000)
  from space 512K, 68% used [0x00000000d7480000,0x00000000d74d8000,0x00000000d7500000)
  to   space 512K, 0% used [0x00000000d7400000,0x00000000d7400000,0x00000000d7480000)
 ParOldGen       total 68608K, used 40362K [0x0000000080000000, 0x0000000084300000, 0x00000000d5580000)
  object space 68608K, 58% used [0x0000000080000000,0x000000008276a920,0x0000000084300000)
 Metaspace       used 59842K, committed 61120K, reserved 1114112K
  class space    used 7118K, committed 7680K, reserved 1048576K
}
Event: 28.244 GC heap after
{Heap after GC invocations=32 (full 3):
 PSYoungGen      total 22528K, used 488K [0x00000000d5580000, 0x00000000d7500000, 0x0000000100000000)
  eden space 22016K, 0% used [0x00000000d5580000,0x00000000d5580000,0x00000000d6b00000)
  from space 512K, 95% used [0x00000000d7400000,0x00000000d747a1b8,0x00000000d7480000)
  to   space 512K, 0% used [0x00000000d7480000,0x00000000d7480000,0x00000000d7500000)
 ParOldGen       total 68608K, used 40618K [0x0000000080000000, 0x0000000084300000, 0x00000000d5580000)
  object space 68608K, 59% used [0x0000000080000000,0x00000000827aa920,0x0000000084300000)
 Metaspace       used 59842K, committed 61120K, reserved 1114112K
  class space    used 7118K, committed 7680K, reserved 1048576K
}
Event: 28.717 GC heap before
{Heap before GC invocations=33 (full 3):
 PSYoungGen      total 22528K, used 22504K [0x00000000d5580000, 0x00000000d7500000, 0x0000000100000000)
  eden space 22016K, 100% used [0x00000000d5580000,0x00000000d6b00000,0x00000000d6b00000)
  from space 512K, 95% used [0x00000000d7400000,0x00000000d747a1b8,0x00000000d7480000)
  to   space 512K, 0% used [0x00000000d7480000,0x00000000d7480000,0x00000000d7500000)
 ParOldGen       total 68608K, used 40618K [0x0000000080000000, 0x0000000084300000, 0x00000000d5580000)
  object space 68608K, 59% used [0x0000000080000000,0x00000000827aa920,0x0000000084300000)
 Metaspace       used 60784K, committed 62144K, reserved 1114112K
  class space    used 7195K, committed 7808K, reserved 1048576K
}
Event: 28.722 GC heap after
{Heap after GC invocations=33 (full 3):
 PSYoungGen      total 22528K, used 480K [0x00000000d5580000, 0x00000000d7500000, 0x0000000100000000)
  eden space 22016K, 0% used [0x00000000d5580000,0x00000000d5580000,0x00000000d6b00000)
  from space 512K, 93% used [0x00000000d7480000,0x00000000d74f8030,0x00000000d7500000)
  to   space 3072K, 0% used [0x00000000d6f00000,0x00000000d6f00000,0x00000000d7200000)
 ParOldGen       total 68608K, used 42393K [0x0000000080000000, 0x0000000084300000, 0x00000000d5580000)
  object space 68608K, 61% used [0x0000000080000000,0x0000000082966558,0x0000000084300000)
 Metaspace       used 60784K, committed 62144K, reserved 1114112K
  class space    used 7195K, committed 7808K, reserved 1048576K
}
Event: 29.075 GC heap before
{Heap before GC invocations=34 (full 3):
 PSYoungGen      total 22528K, used 22496K [0x00000000d5580000, 0x00000000d7500000, 0x0000000100000000)
  eden space 22016K, 100% used [0x00000000d5580000,0x00000000d6b00000,0x00000000d6b00000)
  from space 512K, 93% used [0x00000000d7480000,0x00000000d74f8030,0x00000000d7500000)
  to   space 3072K, 0% used [0x00000000d6f00000,0x00000000d6f00000,0x00000000d7200000)
 ParOldGen       total 68608K, used 42393K [0x0000000080000000, 0x0000000084300000, 0x00000000d5580000)
  object space 68608K, 61% used [0x0000000080000000,0x0000000082966558,0x0000000084300000)
 Metaspace       used 61047K, committed 62336K, reserved 1114112K
  class space    used 7235K, committed 7808K, reserved 1048576K
}
Event: 29.080 GC heap after
{Heap after GC invocations=34 (full 3):
 PSYoungGen      total 25088K, used 2338K [0x00000000d5580000, 0x00000000d7500000, 0x0000000100000000)
  eden space 22016K, 0% used [0x00000000d5580000,0x00000000d5580000,0x00000000d6b00000)
  from space 3072K, 76% used [0x00000000d6f00000,0x00000000d7148820,0x00000000d7200000)
  to   space 2560K, 0% used [0x00000000d7280000,0x00000000d7280000,0x00000000d7500000)
 ParOldGen       total 68608K, used 42870K [0x0000000080000000, 0x0000000084300000, 0x00000000d5580000)
  object space 68608K, 62% used [0x0000000080000000,0x00000000829ddb60,0x0000000084300000)
 Metaspace       used 61047K, committed 62336K, reserved 1114112K
  class space    used 7235K, committed 7808K, reserved 1048576K
}
Event: 29.314 GC heap before
{Heap before GC invocations=35 (full 3):
 PSYoungGen      total 25088K, used 24354K [0x00000000d5580000, 0x00000000d7500000, 0x0000000100000000)
  eden space 22016K, 100% used [0x00000000d5580000,0x00000000d6b00000,0x00000000d6b00000)
  from space 3072K, 76% used [0x00000000d6f00000,0x00000000d7148820,0x00000000d7200000)
  to   space 2560K, 0% used [0x00000000d7280000,0x00000000d7280000,0x00000000d7500000)
 ParOldGen       total 68608K, used 42870K [0x0000000080000000, 0x0000000084300000, 0x00000000d5580000)
  object space 68608K, 62% used [0x0000000080000000,0x00000000829ddb60,0x0000000084300000)
 Metaspace       used 61207K, committed 62592K, reserved 1114112K
  class space    used 7259K, committed 7872K, reserved 1048576K
}
Event: 29.319 GC heap after
{Heap after GC invocations=35 (full 3):
 PSYoungGen      total 24576K, used 2080K [0x00000000d5580000, 0x00000000d7500000, 0x0000000100000000)
  eden space 22016K, 0% used [0x00000000d5580000,0x00000000d5580000,0x00000000d6b00000)
  from space 2560K, 81% used [0x00000000d7280000,0x00000000d7488010,0x00000000d7500000)
  to   space 2560K, 0% used [0x00000000d7000000,0x00000000d7000000,0x00000000d7280000)
 ParOldGen       total 68608K, used 45000K [0x0000000080000000, 0x0000000084300000, 0x00000000d5580000)
  object space 68608K, 65% used [0x0000000080000000,0x0000000082bf2370,0x0000000084300000)
 Metaspace       used 61207K, committed 62592K, reserved 1114112K
  class space    used 7259K, committed 7872K, reserved 1048576K
}
Event: 29.421 GC heap before
{Heap before GC invocations=36 (full 3):
 PSYoungGen      total 24576K, used 24096K [0x00000000d5580000, 0x00000000d7500000, 0x0000000100000000)
  eden space 22016K, 100% used [0x00000000d5580000,0x00000000d6b00000,0x00000000d6b00000)
  from space 2560K, 81% used [0x00000000d7280000,0x00000000d7488010,0x00000000d7500000)
  to   space 2560K, 0% used [0x00000000d7000000,0x00000000d7000000,0x00000000d7280000)
 ParOldGen       total 68608K, used 45000K [0x0000000080000000, 0x0000000084300000, 0x00000000d5580000)
  object space 68608K, 65% used [0x0000000080000000,0x0000000082bf2370,0x0000000084300000)
 Metaspace       used 61226K, committed 62592K, reserved 1114112K
  class space    used 7259K, committed 7872K, reserved 1048576K
}
Event: 29.427 GC heap after
{Heap after GC invocations=36 (full 3):
 PSYoungGen      total 24576K, used 2276K [0x00000000d5580000, 0x00000000d7300000, 0x0000000100000000)
  eden space 22016K, 0% used [0x00000000d5580000,0x00000000d5580000,0x00000000d6b00000)
  from space 2560K, 88% used [0x00000000d7000000,0x00000000d7239000,0x00000000d7280000)
  to   space 512K, 0% used [0x00000000d7280000,0x00000000d7280000,0x00000000d7300000)
 ParOldGen       total 68608K, used 46909K [0x0000000080000000, 0x0000000084300000, 0x00000000d5580000)
  object space 68608K, 68% used [0x0000000080000000,0x0000000082dcf4f8,0x0000000084300000)
 Metaspace       used 61226K, committed 62592K, reserved 1114112K
  class space    used 7259K, committed 7872K, reserved 1048576K
}
Event: 29.523 GC heap before
{Heap before GC invocations=37 (full 3):
 PSYoungGen      total 24576K, used 24292K [0x00000000d5580000, 0x00000000d7300000, 0x0000000100000000)
  eden space 22016K, 100% used [0x00000000d5580000,0x00000000d6b00000,0x00000000d6b00000)
  from space 2560K, 88% used [0x00000000d7000000,0x00000000d7239000,0x00000000d7280000)
  to   space 512K, 0% used [0x00000000d7280000,0x00000000d7280000,0x00000000d7300000)
 ParOldGen       total 68608K, used 46909K [0x0000000080000000, 0x0000000084300000, 0x00000000d5580000)
  object space 68608K, 68% used [0x0000000080000000,0x0000000082dcf4f8,0x0000000084300000)
 Metaspace       used 61230K, committed 62592K, reserved 1114112K
  class space    used 7259K, committed 7872K, reserved 1048576K
}
Event: 29.532 GC heap after
{Heap after GC invocations=37 (full 3):
 PSYoungGen      total 22528K, used 512K [0x00000000d5580000, 0x00000000d7400000, 0x0000000100000000)
  eden space 22016K, 0% used [0x00000000d5580000,0x00000000d5580000,0x00000000d6b00000)
  from space 512K, 100% used [0x00000000d7280000,0x00000000d7300000,0x00000000d7300000)
  to   space 4608K, 0% used [0x00000000d6b00000,0x00000000d6b00000,0x00000000d6f80000)
 ParOldGen       total 68608K, used 50377K [0x0000000080000000, 0x0000000084300000, 0x00000000d5580000)
  object space 68608K, 73% used [0x0000000080000000,0x00000000831324f8,0x0000000084300000)
 Metaspace       used 61230K, committed 62592K, reserved 1114112K
  class space    used 7259K, committed 7872K, reserved 1048576K
}
Event: 29.656 GC heap before
{Heap before GC invocations=38 (full 3):
 PSYoungGen      total 22528K, used 22528K [0x00000000d5580000, 0x00000000d7400000, 0x0000000100000000)
  eden space 22016K, 100% used [0x00000000d5580000,0x00000000d6b00000,0x00000000d6b00000)
  from space 512K, 100% used [0x00000000d7280000,0x00000000d7300000,0x00000000d7300000)
  to   space 4608K, 0% used [0x00000000d6b00000,0x00000000d6b00000,0x00000000d6f80000)
 ParOldGen       total 68608K, used 50377K [0x0000000080000000, 0x0000000084300000, 0x00000000d5580000)
  object space 68608K, 73% used [0x0000000080000000,0x00000000831324f8,0x0000000084300000)
 Metaspace       used 61255K, committed 62592K, reserved 1114112K
  class space    used 7260K, committed 7872K, reserved 1048576K
}
Event: 29.661 GC heap after
{Heap after GC invocations=38 (full 3):
 PSYoungGen      total 26624K, used 2200K [0x00000000d5580000, 0x00000000d7300000, 0x0000000100000000)
  eden space 22016K, 0% used [0x00000000d5580000,0x00000000d5580000,0x00000000d6b00000)
  from space 4608K, 47% used [0x00000000d6b00000,0x00000000d6d26210,0x00000000d6f80000)
  to   space 3072K, 0% used [0x00000000d7000000,0x00000000d7000000,0x00000000d7300000)
 ParOldGen       total 68608K, used 50921K [0x0000000080000000, 0x0000000084300000, 0x00000000d5580000)
  object space 68608K, 74% used [0x0000000080000000,0x00000000831ba4f8,0x0000000084300000)
 Metaspace       used 61255K, committed 62592K, reserved 1114112K
  class space    used 7260K, committed 7872K, reserved 1048576K
}

Dll operation events (15 events):
Event: 0.183 Loaded shared library c:\Users\HP\.vscode\extensions\redhat.java-1.52.0-win32-x64\jre\21.0.9-win32-x86_64\bin\java.dll
Event: 0.832 Loaded shared library c:\Users\HP\.vscode\extensions\redhat.java-1.52.0-win32-x64\jre\21.0.9-win32-x86_64\bin\zip.dll
Event: 1.010 Loaded shared library C:\Users\HP\.vscode\extensions\redhat.java-1.52.0-win32-x64\jre\21.0.9-win32-x86_64\bin\instrument.dll
Event: 1.048 Loaded shared library C:\Users\HP\.vscode\extensions\redhat.java-1.52.0-win32-x64\jre\21.0.9-win32-x86_64\bin\net.dll
Event: 1.071 Loaded shared library C:\Users\HP\.vscode\extensions\redhat.java-1.52.0-win32-x64\jre\21.0.9-win32-x86_64\bin\nio.dll
Event: 1.077 Loaded shared library C:\Users\HP\.vscode\extensions\redhat.java-1.52.0-win32-x64\jre\21.0.9-win32-x86_64\bin\zip.dll
Event: 1.165 Loaded shared library C:\Users\HP\.vscode\extensions\redhat.java-1.52.0-win32-x64\jre\21.0.9-win32-x86_64\bin\jimage.dll
Event: 1.447 Loaded shared library c:\Users\HP\.vscode\extensions\redhat.java-1.52.0-win32-x64\jre\21.0.9-win32-x86_64\bin\verify.dll
Event: 8.938 Loaded shared library C:\Users\HP\AppData\Roaming\Code\User\globalStorage\redhat.java\1.52.0\config_win\org.eclipse.equinox.launcher\org.eclipse.equinox.launcher.win32.win32.x86_64_1.2.1500.v20260121-1430\eclipse_11919.dll
Event: 17.579 Loaded shared library C:\Users\HP\AppData\Local\Temp\jna-2312\jna17254581513794059919.dll
Event: 21.230 Loaded shared library C:\Users\HP\.vscode\extensions\redhat.java-1.52.0-win32-x64\jre\21.0.9-win32-x86_64\bin\sunmscapi.dll
Event: 21.880 Loaded shared library C:\Users\HP\.vscode\extensions\redhat.java-1.52.0-win32-x64\jre\21.0.9-win32-x86_64\bin\extnet.dll
Event: 24.945 Loaded shared library C:\Users\HP\.gradle\native\1def1411415f61bf3af743bc5b6707747c0891f09f0c88961ee8f79bc544acac\windows-amd64\native-platform.dll
Event: 26.785 Loaded shared library C:\Users\HP\.vscode\extensions\redhat.java-1.52.0-win32-x64\jre\21.0.9-win32-x86_64\bin\management.dll
Event: 26.793 Loaded shared library C:\Users\HP\.vscode\extensions\redhat.java-1.52.0-win32-x64\jre\21.0.9-win32-x86_64\bin\management_ext.dll

Deoptimization events (20 events):
Event: 37.498 Thread 0x0000029cf3213d30 DEOPT PACKING pc=0x0000029cda30045e sp=0x000000bd3bcfe8a0
Event: 37.498 Thread 0x0000029cf3213d30 DEOPT UNPACKING pc=0x0000029ce0ad78e2 sp=0x000000bd3bcfddf8 mode 0
Event: 37.499 Thread 0x0000029cf3213d30 DEOPT PACKING pc=0x0000029cda300700 sp=0x000000bd3bcfe8a0
Event: 37.499 Thread 0x0000029cf3213d30 DEOPT UNPACKING pc=0x0000029ce0ad78e2 sp=0x000000bd3bcfddf8 mode 0
Event: 37.499 Thread 0x0000029cf3213d30 DEOPT PACKING pc=0x0000029cda300700 sp=0x000000bd3bcfe8a0
Event: 37.499 Thread 0x0000029cf3213d30 DEOPT UNPACKING pc=0x0000029ce0ad78e2 sp=0x000000bd3bcfddf8 mode 0
Event: 37.499 Thread 0x0000029cf3213d30 DEOPT PACKING pc=0x0000029cda300700 sp=0x000000bd3bcfe8a0
Event: 37.500 Thread 0x0000029cf3213d30 DEOPT UNPACKING pc=0x0000029ce0ad78e2 sp=0x000000bd3bcfddf8 mode 0
Event: 37.500 Thread 0x0000029cf3213d30 Uncommon trap: trap_request=0xffffff45 fr.pc=0x0000029ce10b8f34 relative=0x00000000000001d4
Event: 37.501 Thread 0x0000029cf3213d30 Uncommon trap: reason=unstable_if action=reinterpret pc=0x0000029ce10b8f34 method=java.util.HashMap.getNode(Ljava/lang/Object;)Ljava/util/HashMap$Node; @ 131 c2
Event: 37.501 Thread 0x0000029cf3213d30 DEOPT PACKING pc=0x0000029ce10b8f34 sp=0x000000bd3bcfea70
Event: 37.501 Thread 0x0000029cf3213d30 DEOPT UNPACKING pc=0x0000029ce0ad6da2 sp=0x000000bd3bcfe980 mode 2
Event: 37.501 Thread 0x0000029cf3213d30 Uncommon trap: trap_request=0xffffff45 fr.pc=0x0000029ce10b0334 relative=0x00000000000001d4
Event: 37.501 Thread 0x0000029cf3213d30 Uncommon trap: reason=unstable_if action=reinterpret pc=0x0000029ce10b0334 method=java.util.HashMap.getNode(Ljava/lang/Object;)Ljava/util/HashMap$Node; @ 131 c2
Event: 37.501 Thread 0x0000029cf3213d30 DEOPT PACKING pc=0x0000029ce10b0334 sp=0x000000bd3bcfe990
Event: 37.501 Thread 0x0000029cf3213d30 DEOPT UNPACKING pc=0x0000029ce0ad6da2 sp=0x000000bd3bcfe910 mode 2
Event: 37.581 Thread 0x0000029cf3213d30 Uncommon trap: trap_request=0xffffff45 fr.pc=0x0000029ce124ebc4 relative=0x0000000000000204
Event: 37.581 Thread 0x0000029cf3213d30 Uncommon trap: reason=unstable_if action=reinterpret pc=0x0000029ce124ebc4 method=java.util.regex.Pattern.atom()Ljava/util/regex/Pattern$Node; @ 14 c2
Event: 37.581 Thread 0x0000029cf3213d30 DEOPT PACKING pc=0x0000029ce124ebc4 sp=0x000000bd3bcfdb90
Event: 37.581 Thread 0x0000029cf3213d30 DEOPT UNPACKING pc=0x0000029ce0ad6da2 sp=0x000000bd3bcfdb28 mode 2

Classes loaded (20 events):
Event: 37.579 Loading class sun/util/cldr/CLDRTimeZoneNameProviderImpl
Event: 37.580 Loading class sun/util/locale/provider/TimeZoneNameProviderImpl
Event: 37.580 Loading class sun/util/locale/provider/TimeZoneNameProviderImpl done
Event: 37.580 Loading class sun/util/cldr/CLDRTimeZoneNameProviderImpl done
Event: 37.583 Loading class sun/util/resources/cldr/TimeZoneNames
Event: 37.586 Loading class sun/util/resources/TimeZoneNamesBundle
Event: 37.587 Loading class sun/util/resources/OpenListResourceBundle
Event: 37.587 Loading class sun/util/resources/OpenListResourceBundle done
Event: 37.587 Loading class sun/util/resources/TimeZoneNamesBundle done
Event: 37.587 Loading class sun/util/resources/cldr/TimeZoneNames done
Event: 37.587 Loading class sun/util/resources/cldr/TimeZoneNames_en
Event: 37.590 Loading class sun/util/resources/cldr/TimeZoneNames_en done
Event: 37.590 Loading class sun/util/resources/cldr/TimeZoneNames_en_US
Event: 37.590 Loading class sun/util/resources/cldr/TimeZoneNames_en_US done
Event: 37.594 Loading class sun/util/cldr/CLDRBaseLocaleDataMetaInfo$TZCanonicalIDMapHolder
Event: 37.596 Loading class sun/util/cldr/CLDRBaseLocaleDataMetaInfo$TZCanonicalIDMapHolder done
Event: 37.598 Loading class sun/util/resources/TimeZoneNames
Event: 37.600 Loading class sun/util/resources/TimeZoneNames done
Event: 37.601 Loading class sun/util/resources/TimeZoneNames_en
Event: 37.601 Loading class sun/util/resources/TimeZoneNames_en done

Classes unloaded (12 events):
Event: 19.088 Thread 0x0000029cd640e860 Unloading class 0x0000029c811acc00 'java/lang/invoke/LambdaForm$MH+0x0000029c811acc00'
Event: 19.088 Thread 0x0000029cd640e860 Unloading class 0x0000029c811ac800 'java/lang/invoke/LambdaForm$MH+0x0000029c811ac800'
Event: 19.088 Thread 0x0000029cd640e860 Unloading class 0x0000029c811ac400 'java/lang/invoke/LambdaForm$MH+0x0000029c811ac400'
Event: 19.088 Thread 0x0000029cd640e860 Unloading class 0x0000029c811ac000 'java/lang/invoke/LambdaForm$MH+0x0000029c811ac000'
Event: 19.088 Thread 0x0000029cd640e860 Unloading class 0x0000029c811abc00 'java/lang/invoke/LambdaForm$BMH+0x0000029c811abc00'
Event: 19.088 Thread 0x0000029cd640e860 Unloading class 0x0000029c811ab800 'java/lang/invoke/LambdaForm$DMH+0x0000029c811ab800'
Event: 19.088 Thread 0x0000029cd640e860 Unloading class 0x0000029c811aa400 'java/lang/invoke/LambdaForm$DMH+0x0000029c811aa400'
Event: 21.136 Thread 0x0000029cd640e860 Unloading class 0x0000029c812d6400 'java/lang/invoke/LambdaForm$MH+0x0000029c812d6400'
Event: 21.136 Thread 0x0000029cd640e860 Unloading class 0x0000029c812d5800 'java/lang/invoke/LambdaForm$MH+0x0000029c812d5800'
Event: 21.136 Thread 0x0000029cd640e860 Unloading class 0x0000029c812d5000 'java/lang/invoke/LambdaForm$MH+0x0000029c812d5000'
Event: 21.136 Thread 0x0000029cd640e860 Unloading class 0x0000029c812d4c00 'java/lang/invoke/LambdaForm$DMH+0x0000029c812d4c00'
Event: 21.136 Thread 0x0000029cd640e860 Unloading class 0x0000029c812d3c00 'java/lang/invoke/LambdaForm$MH+0x0000029c812d3c00'

Classes redefined (0 events):
No events

Internal exceptions (20 events):
Event: 28.212 Thread 0x0000029cf4d090a0 Exception <a 'java/lang/IncompatibleClassChangeError'{0x00000000d6938aa8}: Found class java.lang.Object, but interface was expected> (0x00000000d6938aa8) 
thrown [s\src\hotspot\share\interpreter\linkResolver.cpp, line 840]
Event: 28.237 Thread 0x0000029cf3f22590 Exception <a 'sun/nio/fs/WindowsException'{0x00000000d6af14d0}> (0x00000000d6af14d0) 
thrown [s\src\hotspot\share\prims\jni.cpp, line 520]
Event: 28.237 Thread 0x0000029cf3f22590 Exception <a 'sun/nio/fs/WindowsException'{0x00000000d6af1b80}> (0x00000000d6af1b80) 
thrown [s\src\hotspot\share\prims\jni.cpp, line 520]
Event: 28.238 Thread 0x0000029cf3f22590 Exception <a 'sun/nio/fs/WindowsException'{0x00000000d6af27b8}> (0x00000000d6af27b8) 
thrown [s\src\hotspot\share\prims\jni.cpp, line 520]
Event: 28.238 Thread 0x0000029cf3f22590 Exception <a 'sun/nio/fs/WindowsException'{0x00000000d6af2e68}> (0x00000000d6af2e68) 
thrown [s\src\hotspot\share\prims\jni.cpp, line 520]
Event: 28.308 Thread 0x0000029cf3f22590 Implicit null exception at 0x0000029ce1314ca6 to 0x0000029ce1314f70
Event: 28.309 Thread 0x0000029cf3f22590 Exception <a 'java/lang/NoSuchMethodError'{0x00000000d5853d58}: 'java.lang.Object java.lang.invoke.DelegatingMethodHandle$Holder.reinvoke_L(java.lang.Object, int, long, java.lang.Object, java.lang.Object, int, java.lang.Object)'> (0x00000000d5853d58) 
thrown [s\src\hotspot\share\interpreter\linkResolver.cpp, line 773]
Event: 28.501 Thread 0x0000029cf3f22590 Exception <a 'java/lang/NoSuchMethodError'{0x00000000d5dbbd20}: 'java.lang.Object java.lang.invoke.Invokers$Holder.invoke_MT(java.lang.Object, java.lang.Object, java.lang.Object, java.lang.Object, java.lang.Object, java.lang.Object, java.lang.Object, java.lang.Object, java.lang.Object, java.lang.Object)'> (0x00000000d5dbbd20) 
thrown [s\src\hotspot\share\interpreter\linkResolver.cpp, line 773]
Event: 29.724 Thread 0x0000029cf3f22590 Exception <a 'java/io/FileNotFoundException'{0x00000000d629f5f8}> (0x00000000d629f5f8) 
thrown [s\src\hotspot\share\prims\jni.cpp, line 520]
Event: 29.724 Thread 0x0000029cf3f22590 Exception <a 'java/io/FileNotFoundException'{0x00000000d62a0358}> (0x00000000d62a0358) 
thrown [s\src\hotspot\share\prims\jni.cpp, line 520]
Event: 29.736 Thread 0x0000029cf3f22590 Exception <a 'sun/nio/fs/WindowsException'{0x00000000d630b678}> (0x00000000d630b678) 
thrown [s\src\hotspot\share\prims\jni.cpp, line 520]
Event: 29.736 Thread 0x0000029cf3f22590 Exception <a 'sun/nio/fs/WindowsException'{0x00000000d630bd28}> (0x00000000d630bd28) 
thrown [s\src\hotspot\share\prims\jni.cpp, line 520]
Event: 29.754 Thread 0x0000029cf4d062b0 Exception <a 'sun/nio/fs/WindowsException'{0x00000000d6390b98}> (0x00000000d6390b98) 
thrown [s\src\hotspot\share\prims\jni.cpp, line 520]
Event: 29.754 Thread 0x0000029cf4d062b0 Exception <a 'sun/nio/fs/WindowsException'{0x00000000d6391518}> (0x00000000d6391518) 
thrown [s\src\hotspot\share\prims\jni.cpp, line 520]
Event: 29.755 Thread 0x0000029cf4d062b0 Exception <a 'sun/nio/fs/WindowsException'{0x00000000d6392418}> (0x00000000d6392418) 
thrown [s\src\hotspot\share\prims\jni.cpp, line 520]
Event: 29.755 Thread 0x0000029cf4d062b0 Exception <a 'sun/nio/fs/WindowsException'{0x00000000d6392d78}> (0x00000000d6392d78) 
thrown [s\src\hotspot\share\prims\jni.cpp, line 520]
Event: 29.755 Thread 0x0000029cf4d062b0 Exception <a 'sun/nio/fs/WindowsException'{0x00000000d6394608}> (0x00000000d6394608) 
thrown [s\src\hotspot\share\prims\jni.cpp, line 520]
Event: 29.755 Thread 0x0000029cf4d062b0 Exception <a 'sun/nio/fs/WindowsException'{0x00000000d6394f68}> (0x00000000d6394f68) 
thrown [s\src\hotspot\share\prims\jni.cpp, line 520]
Event: 29.855 Thread 0x0000029cf3f22590 Exception <a 'sun/nio/fs/WindowsException'{0x00000000d64fb140}> (0x00000000d64fb140) 
thrown [s\src\hotspot\share\prims\jni.cpp, line 520]
Event: 29.855 Thread 0x0000029cf3f22590 Exception <a 'sun/nio/fs/WindowsException'{0x00000000d64fb7f0}> (0x00000000d64fb7f0) 
thrown [s\src\hotspot\share\prims\jni.cpp, line 520]

ZGC Phase Switch (0 events):
No events

VM Operations (20 events):
Event: 29.523 Executing VM operation: ParallelGCFailedAllocation (Allocation Failure)
Event: 29.532 Executing VM operation: ParallelGCFailedAllocation (Allocation Failure) done
Event: 29.656 Executing VM operation: ParallelGCFailedAllocation (Allocation Failure)
Event: 29.661 Executing VM operation: ParallelGCFailedAllocation (Allocation Failure) done
Event: 29.746 Executing VM operation: HandshakeAllThreads (Deoptimize)
Event: 29.746 Executing VM operation: HandshakeAllThreads (Deoptimize) done
Event: 29.767 Executing VM operation: HandshakeAllThreads (Deoptimize)
Event: 29.768 Executing VM operation: HandshakeAllThreads (Deoptimize) done
Event: 29.780 Executing VM operation: HandshakeAllThreads (Deoptimize)
Event: 29.780 Executing VM operation: HandshakeAllThreads (Deoptimize) done
Event: 30.781 Executing VM operation: Cleanup
Event: 30.781 Executing VM operation: Cleanup done
Event: 37.815 Executing VM operation: Cleanup
Event: 37.815 Executing VM operation: Cleanup done
Event: 51.902 Executing VM operation: Cleanup
Event: 51.903 Executing VM operation: Cleanup done
Event: 60.578 Executing VM operation: HandshakeAllThreads (HandshakeForDeflation)
Event: 60.578 Executing VM operation: HandshakeAllThreads (HandshakeForDeflation) done
Event: 60.578 Executing VM operation: RendezvousGCThreads
Event: 60.578 Executing VM operation: RendezvousGCThreads done

Memory protections (0 events):
No events

Nmethod flushes (20 events):
Event: 26.855 Thread 0x0000029cd640e860 flushing  nmethod 0x0000029cd9e5cb10
Event: 26.855 Thread 0x0000029cd640e860 flushing  nmethod 0x0000029cd9e5db10
Event: 26.855 Thread 0x0000029cd640e860 flushing  nmethod 0x0000029cd9e5df90
Event: 26.855 Thread 0x0000029cd640e860 flushing  nmethod 0x0000029cd9e5e510
Event: 26.855 Thread 0x0000029cd640e860 flushing  nmethod 0x0000029cd9e5ea90
Event: 26.855 Thread 0x0000029cd640e860 flushing  nmethod 0x0000029cd9e60d10
Event: 26.855 Thread 0x0000029cd640e860 flushing  nmethod 0x0000029cd9e61090
Event: 26.855 Thread 0x0000029cd640e860 flushing  nmethod 0x0000029cd9e61e10
Event: 26.855 Thread 0x0000029cd640e860 flushing  nmethod 0x0000029cd9e63390
Event: 26.855 Thread 0x0000029cd640e860 flushing  nmethod 0x0000029cd9e66690
Event: 26.855 Thread 0x0000029cd640e860 flushing  nmethod 0x0000029cd9e68a90
Event: 26.855 Thread 0x0000029cd640e860 flushing  nmethod 0x0000029cd9e6b590
Event: 26.855 Thread 0x0000029cd640e860 flushing  nmethod 0x0000029cd9e6bb90
Event: 26.855 Thread 0x0000029cd640e860 flushing  nmethod 0x0000029cd9e6c890
Event: 26.855 Thread 0x0000029cd640e860 flushing  nmethod 0x0000029cd9e7cc90
Event: 26.855 Thread 0x0000029cd640e860 flushing  nmethod 0x0000029cd9e8ec90
Event: 26.855 Thread 0x0000029cd640e860 flushing  nmethod 0x0000029cd9e93610
Event: 26.855 Thread 0x0000029cd640e860 flushing  nmethod 0x0000029cd9ea3490
Event: 26.855 Thread 0x0000029cd640e860 flushing  nmethod 0x0000029cd9ea5a90
Event: 26.855 Thread 0x0000029cd640e860 flushing  nmethod 0x0000029cd9eb3910

Events (20 events):
Event: 21.346 Thread 0x0000029cd634be70 Thread added: 0x0000029cf4d07660
Event: 21.780 Thread 0x0000029cd634be70 Thread added: 0x0000029cf4d08a10
Event: 21.780 Thread 0x0000029cd634be70 Thread added: 0x0000029cf4d090a0
Event: 22.781 Thread 0x0000029cf3f22590 Thread added: 0x0000029cf4d09730
Event: 22.790 Thread 0x0000029cf4d09730 Thread exited: 0x0000029cf4d09730
Event: 23.037 Thread 0x0000029cf3f24660 Thread added: 0x0000029cf4d09730
Event: 23.038 Thread 0x0000029cf4d09730 Thread added: 0x0000029cf4d062b0
Event: 23.212 Thread 0x0000029cf3f22590 Thread added: 0x0000029cf4d09dc0
Event: 24.235 Thread 0x0000029cf3f23fd0 Thread added: 0x0000029cf4d0a450
Event: 24.350 Thread 0x0000029cf3f23fd0 Thread added: 0x0000029cf4d0c520
Event: 27.032 Thread 0x0000029cf4d0c520 Thread exited: 0x0000029cf4d0c520
Event: 28.220 Thread 0x0000029cf4d090a0 Thread added: 0x0000029cf4d0b170
Event: 33.245 Thread 0x0000029cf4d09dc0 Thread exited: 0x0000029cf4d09dc0
Event: 88.317 Thread 0x0000029cf3f21870 Thread exited: 0x0000029cf3f21870
Event: 89.872 Thread 0x0000029cf3f23fd0 Thread exited: 0x0000029cf3f23fd0
Event: 89.874 Thread 0x0000029cf3f22c20 Thread exited: 0x0000029cf3f22c20
Event: 89.875 Thread 0x0000029cf3f21f00 Thread exited: 0x0000029cf3f21f00
Event: 89.877 Thread 0x0000029cf4d062b0 Thread exited: 0x0000029cf4d062b0
Event: 149.904 Thread 0x0000029cf4d09730 Thread exited: 0x0000029cf4d09730
Event: 209.914 Thread 0x0000029cf4d0b170 Thread exited: 0x0000029cf4d0b170


Dynamic libraries:
0x00007ff7b2a30000 - 0x00007ff7b2a3e000 	c:\Users\HP\.vscode\extensions\redhat.java-1.52.0-win32-x64\jre\21.0.9-win32-x86_64\bin\java.exe
0x00007ff8adec0000 - 0x00007ff8ae127000 	C:\Windows\SYSTEM32\ntdll.dll
0x00007ff8ac980000 - 0x00007ff8aca49000 	C:\Windows\System32\KERNEL32.DLL
0x00007ff8ab4c0000 - 0x00007ff8ab8af000 	C:\Windows\System32\KERNELBASE.dll
0x00007ff8ab2c0000 - 0x00007ff8ab40b000 	C:\Windows\System32\ucrtbase.dll
0x00007ff892f30000 - 0x00007ff892f4e000 	c:\Users\HP\.vscode\extensions\redhat.java-1.52.0-win32-x64\jre\21.0.9-win32-x86_64\bin\VCRUNTIME140.dll
0x00007ff898880000 - 0x00007ff898898000 	c:\Users\HP\.vscode\extensions\redhat.java-1.52.0-win32-x64\jre\21.0.9-win32-x86_64\bin\jli.dll
0x00007ff88e380000 - 0x00007ff88e613000 	C:\Windows\WinSxS\amd64_microsoft.windows.common-controls_6595b64144ccf1df_6.0.26100.7309_none_3e05feeae336a044\COMCTL32.dll
0x00007ff8ad430000 - 0x00007ff8ad4d9000 	C:\Windows\System32\msvcrt.dll
0x00007ff8ad370000 - 0x00007ff8ad39b000 	C:\Windows\System32\GDI32.dll
0x00007ff8ab9f0000 - 0x00007ff8aba17000 	C:\Windows\System32\win32u.dll
0x00007ff8ab8c0000 - 0x00007ff8ab9ec000 	C:\Windows\System32\gdi32full.dll
0x00007ff8ab410000 - 0x00007ff8ab4b3000 	C:\Windows\System32\msvcp_win.dll
0x00007ff8ad4e0000 - 0x00007ff8ad6a5000 	C:\Windows\System32\USER32.dll
0x00007ff8adc90000 - 0x00007ff8adcc1000 	C:\Windows\System32\IMM32.DLL
0x00007ff894990000 - 0x00007ff89499c000 	c:\Users\HP\.vscode\extensions\redhat.java-1.52.0-win32-x64\jre\21.0.9-win32-x86_64\bin\vcruntime140_1.dll
0x00007ff8508f0000 - 0x00007ff85097d000 	c:\Users\HP\.vscode\extensions\redhat.java-1.52.0-win32-x64\jre\21.0.9-win32-x86_64\bin\msvcp140.dll
0x00007ff800210000 - 0x00007ff800fb0000 	c:\Users\HP\.vscode\extensions\redhat.java-1.52.0-win32-x64\jre\21.0.9-win32-x86_64\bin\server\jvm.dll
0x00007ff8ac800000 - 0x00007ff8ac8b4000 	C:\Windows\System32\ADVAPI32.dll
0x00007ff8ad6d0000 - 0x00007ff8ad776000 	C:\Windows\System32\sechost.dll
0x00007ff8ac660000 - 0x00007ff8ac778000 	C:\Windows\System32\RPCRT4.dll
0x00007ff8ac780000 - 0x00007ff8ac7f4000 	C:\Windows\System32\WS2_32.dll
0x00007ff8aae70000 - 0x00007ff8aaece000 	C:\Windows\SYSTEM32\POWRPROF.dll
0x00007ff89f8b0000 - 0x00007ff89f8e5000 	C:\Windows\SYSTEM32\WINMM.dll
0x00007ff898420000 - 0x00007ff89842b000 	C:\Windows\SYSTEM32\VERSION.dll
0x00007ff8aae40000 - 0x00007ff8aae54000 	C:\Windows\SYSTEM32\UMPDC.dll
0x00007ff8a9d80000 - 0x00007ff8a9d9b000 	C:\Windows\SYSTEM32\kernel.appcore.dll
0x00007ff894770000 - 0x00007ff89477a000 	c:\Users\HP\.vscode\extensions\redhat.java-1.52.0-win32-x64\jre\21.0.9-win32-x86_64\bin\jimage.dll
0x00007ff8a8630000 - 0x00007ff8a8872000 	C:\Windows\SYSTEM32\DBGHELP.DLL
0x00007ff8ad900000 - 0x00007ff8adc86000 	C:\Windows\System32\combase.dll
0x00007ff8abc60000 - 0x00007ff8abd36000 	C:\Windows\System32\OLEAUT32.dll
0x00007ff882e90000 - 0x00007ff882ecc000 	C:\Windows\SYSTEM32\dbgcore.DLL
0x00007ff8ab010000 - 0x00007ff8ab0b5000 	C:\Windows\System32\bcryptPrimitives.dll
0x00007ff890400000 - 0x00007ff89040f000 	c:\Users\HP\.vscode\extensions\redhat.java-1.52.0-win32-x64\jre\21.0.9-win32-x86_64\bin\instrument.dll
0x00007ff891980000 - 0x00007ff8919a0000 	c:\Users\HP\.vscode\extensions\redhat.java-1.52.0-win32-x64\jre\21.0.9-win32-x86_64\bin\java.dll
0x00007ff8abd50000 - 0x00007ff8ac4a3000 	C:\Windows\System32\SHELL32.dll
0x00007ff8ab0c0000 - 0x00007ff8ab22a000 	C:\Windows\System32\wintypes.dll
0x00007ff8a8bd0000 - 0x00007ff8a942e000 	C:\Windows\SYSTEM32\windows.storage.dll
0x00007ff8acad0000 - 0x00007ff8acbc5000 	C:\Windows\System32\SHCORE.dll
0x00007ff8acbd0000 - 0x00007ff8acc36000 	C:\Windows\System32\shlwapi.dll
0x00007ff8aaf30000 - 0x00007ff8aaf59000 	C:\Windows\SYSTEM32\profapi.dll
0x00007ff8918d0000 - 0x00007ff8918e8000 	c:\Users\HP\.vscode\extensions\redhat.java-1.52.0-win32-x64\jre\21.0.9-win32-x86_64\bin\zip.dll
0x00007ff8939d0000 - 0x00007ff8939e0000 	C:\Users\HP\.vscode\extensions\redhat.java-1.52.0-win32-x64\jre\21.0.9-win32-x86_64\bin\net.dll
0x00007ff89a330000 - 0x00007ff89a458000 	C:\Windows\SYSTEM32\WINHTTP.dll
0x00007ff8aa2d0000 - 0x00007ff8aa33b000 	C:\Windows\system32\mswsock.dll
0x00007ff88dfd0000 - 0x00007ff88dfe6000 	C:\Users\HP\.vscode\extensions\redhat.java-1.52.0-win32-x64\jre\21.0.9-win32-x86_64\bin\nio.dll
0x00007ff88f680000 - 0x00007ff88f690000 	c:\Users\HP\.vscode\extensions\redhat.java-1.52.0-win32-x64\jre\21.0.9-win32-x86_64\bin\verify.dll
0x00007ff883230000 - 0x00007ff883275000 	C:\Users\HP\AppData\Roaming\Code\User\globalStorage\redhat.java\1.52.0\config_win\org.eclipse.equinox.launcher\org.eclipse.equinox.launcher.win32.win32.x86_64_1.2.1500.v20260121-1430\eclipse_11919.dll
0x00007ff8adcd0000 - 0x00007ff8ade67000 	C:\Windows\System32\ole32.dll
0x00007ff8aa6c0000 - 0x00007ff8aa6db000 	C:\Windows\SYSTEM32\CRYPTSP.dll
0x00007ff8a9ce0000 - 0x00007ff8a9d1a000 	C:\Windows\system32\rsaenh.dll
0x00007ff8aa380000 - 0x00007ff8aa3ab000 	C:\Windows\SYSTEM32\USERENV.dll
0x00007ff8aaf00000 - 0x00007ff8aaf2a000 	C:\Windows\SYSTEM32\bcrypt.dll
0x00007ff8aa520000 - 0x00007ff8aa52c000 	C:\Windows\SYSTEM32\CRYPTBASE.dll
0x00007ff8a9770000 - 0x00007ff8a97a4000 	C:\Windows\SYSTEM32\IPHLPAPI.DLL
0x00007ff8ad780000 - 0x00007ff8ad78a000 	C:\Windows\System32\NSI.dll
0x00007ff869fb0000 - 0x00007ff869ff9000 	C:\Users\HP\AppData\Local\Temp\jna-2312\jna17254581513794059919.dll
0x00007ff8ad330000 - 0x00007ff8ad338000 	C:\Windows\System32\PSAPI.DLL
0x00007ff89af10000 - 0x00007ff89af2e000 	C:\Windows\SYSTEM32\dhcpcsvc6.DLL
0x00007ff89aee0000 - 0x00007ff89af03000 	C:\Windows\SYSTEM32\dhcpcsvc.DLL
0x00007ff88dff0000 - 0x00007ff88dffe000 	C:\Users\HP\.vscode\extensions\redhat.java-1.52.0-win32-x64\jre\21.0.9-win32-x86_64\bin\sunmscapi.dll
0x00007ff8aba20000 - 0x00007ff8abb97000 	C:\Windows\System32\CRYPT32.dll
0x00007ff8aa810000 - 0x00007ff8aa840000 	C:\Windows\SYSTEM32\ncrypt.dll
0x00007ff8aa7c0000 - 0x00007ff8aa7ff000 	C:\Windows\SYSTEM32\NTASN1.dll
0x00007ff8a9800000 - 0x00007ff8a992c000 	C:\Windows\SYSTEM32\DNSAPI.dll
0x00007ff89aed0000 - 0x00007ff89aedb000 	C:\Windows\System32\rasadhlp.dll
0x00007ff89f0b0000 - 0x00007ff89f136000 	C:\Windows\System32\fwpuclnt.dll
0x00007ff890430000 - 0x00007ff890439000 	C:\Users\HP\.vscode\extensions\redhat.java-1.52.0-win32-x64\jre\21.0.9-win32-x86_64\bin\extnet.dll
0x00007ff88a790000 - 0x00007ff88a7b7000 	C:\Users\HP\.gradle\native\1def1411415f61bf3af743bc5b6707747c0891f09f0c88961ee8f79bc544acac\windows-amd64\native-platform.dll
0x00007ff88f230000 - 0x00007ff88f23a000 	C:\Users\HP\.vscode\extensions\redhat.java-1.52.0-win32-x64\jre\21.0.9-win32-x86_64\bin\management.dll
0x00007ff88e000000 - 0x00007ff88e00c000 	C:\Users\HP\.vscode\extensions\redhat.java-1.52.0-win32-x64\jre\21.0.9-win32-x86_64\bin\management_ext.dll

JVMTI agents:
c:\Users\HP\.vscode\extensions\redhat.java-1.52.0-win32-x64\lombok\lombok-1.18.39-4050.jar path:c:\Users\HP\.vscode\extensions\redhat.java-1.52.0-win32-x64\jre\21.0.9-win32-x86_64\bin\instrument.dll, loaded, initialized, instrumentlib options:none

dbghelp: loaded successfully - version: 4.0.5 - missing functions: none
symbol engine: initialized successfully - sym options: 0x614 - pdb path: .;c:\Users\HP\.vscode\extensions\redhat.java-1.52.0-win32-x64\jre\21.0.9-win32-x86_64\bin;C:\Windows\SYSTEM32;C:\Windows\WinSxS\amd64_microsoft.windows.common-controls_6595b64144ccf1df_6.0.26100.7309_none_3e05feeae336a044;c:\Users\HP\.vscode\extensions\redhat.java-1.52.0-win32-x64\jre\21.0.9-win32-x86_64\bin\server;C:\Users\HP\AppData\Roaming\Code\User\globalStorage\redhat.java\1.52.0\config_win\org.eclipse.equinox.launcher\org.eclipse.equinox.launcher.win32.win32.x86_64_1.2.1500.v20260121-1430;C:\Users\HP\AppData\Local\Temp\jna-2312;C:\Users\HP\.gradle\native\1def1411415f61bf3af743bc5b6707747c0891f09f0c88961ee8f79bc544acac\windows-amd64

VM Arguments:
jvm_args: --add-modules=ALL-SYSTEM --add-opens=java.base/java.util=ALL-UNNAMED --add-opens=java.base/java.lang=ALL-UNNAMED --add-opens=java.base/sun.nio.fs=ALL-UNNAMED -Declipse.application=org.eclipse.jdt.ls.core.id1 -Dosgi.bundles.defaultStartLevel=4 -Declipse.product=org.eclipse.jdt.ls.core.product -Djava.import.generatesMetadataFilesAtProjectRoot=false -DDetectVMInstallationsJob.disabled=true -Dfile.encoding=utf8 -XX:+UseParallelGC -XX:GCTimeRatio=4 -XX:AdaptiveSizePolicyWeight=90 -Dsun.zip.disableMemoryMapping=true -Xmx2G -Xms100m -Xlog:disable -javaagent:c:\Users\HP\.vscode\extensions\redhat.java-1.52.0-win32-x64\lombok\lombok-1.18.39-4050.jar -XX:+HeapDumpOnOutOfMemoryError -XX:HeapDumpPath=c:\Users\HP\AppData\Roaming\Code\User\workspaceStorage\b92cd78c7fc6233ae7304c7b207eac48\redhat.java -Daether.dependencyCollector.impl=bf 
java_command: c:\Users\HP\.vscode\extensions\redhat.java-1.52.0-win32-x64\server\plugins\org.eclipse.equinox.launcher_1.7.100.v20251111-0406.jar -configuration c:\Users\HP\AppData\Roaming\Code\User\globalStorage\redhat.java\1.52.0\config_win -data c:\Users\HP\AppData\Roaming\Code\User\workspaceStorage\b92cd78c7fc6233ae7304c7b207eac48\redhat.java\jdt_ws --pipe=\\.\pipe\lsp-4bf5dc42682420b18deacec10c4cf3fa-sock
java_class_path (initial): c:\Users\HP\.vscode\extensions\redhat.java-1.52.0-win32-x64\server\plugins\org.eclipse.equinox.launcher_1.7.100.v20251111-0406.jar
Launcher Type: SUN_STANDARD

[Global flags]
    uintx AdaptiveSizePolicyWeight                 = 90                                        {product} {command line}
     intx CICompilerCount                          = 4                                         {product} {ergonomic}
    uintx GCTimeRatio                              = 4                                         {product} {command line}
     bool HeapDumpOnOutOfMemoryError               = true                                   {manageable} {command line}
    ccstr HeapDumpPath                             = c:\Users\HP\AppData\Roaming\Code\User\workspaceStorage\b92cd78c7fc6233ae7304c7b207eac48\redhat.java         {manageable} {command line}
   size_t InitialHeapSize                          = 104857600                                 {product} {command line}
   size_t MaxHeapSize                              = 2147483648                                {product} {command line}
   size_t MaxNewSize                               = 715653120                                 {product} {ergonomic}
   size_t MinHeapDeltaBytes                        = 524288                                    {product} {ergonomic}
   size_t MinHeapSize                              = 104857600                                 {product} {command line}
   size_t NewSize                                  = 34603008                                  {product} {ergonomic}
    uintx NonNMethodCodeHeapSize                   = 5839372                                {pd product} {ergonomic}
    uintx NonProfiledCodeHeapSize                  = 122909434                              {pd product} {ergonomic}
   size_t OldSize                                  = 70254592                                  {product} {ergonomic}
    uintx ProfiledCodeHeapSize                     = 122909434                              {pd product} {ergonomic}
    uintx ReservedCodeCacheSize                    = 251658240                              {pd product} {ergonomic}
     bool SegmentedCodeCache                       = true                                      {product} {ergonomic}
   size_t SoftMaxHeapSize                          = 2147483648                             {manageable} {ergonomic}
     bool UseCompressedOops                        = true                           {product lp64_product} {ergonomic}
     bool UseLargePagesIndividualAllocation        = false                                  {pd product} {ergonomic}
     bool UseParallelGC                            = true                                      {product} {command line}

Logging:
Log output configuration:
 #0: stdout all=off uptime,level,tags foldmultilines=false
 #1: stderr all=off uptime,level,tags foldmultilines=false

Release file:
JAVA_VERSION="21.0.9" 
MODULES="java.base java.compiler java.datatransfer java.xml java.prefs java.desktop java.instrument java.logging java.management java.security.sasl java.naming java.rmi java.management.rmi java.net.http java.scripting java.security.jgss java.transaction.xa java.sql java.sql.rowset java.xml.crypto java.se java.smartcardio jdk.accessibility jdk.internal.jvmstat jdk.attach jdk.charsets jdk.internal.opt jdk.zipfs jdk.compiler jdk.crypto.ec jdk.crypto.cryptoki jdk.crypto.mscapi jdk.dynalink jdk.internal.ed jdk.editpad jdk.hotspot.agent jdk.httpserver jdk.internal.le jdk.internal.vm.ci jdk.internal.vm.compiler jdk.internal.vm.compiler.management jdk.jartool jdk.javadoc jdk.jcmd jdk.management jdk.management.agent jdk.jconsole jdk.jdeps jdk.jdwp.agent jdk.jdi jdk.jfr jdk.jshell jdk.jsobject jdk.jstatd jdk.localedata jdk.management.jfr jdk.naming.dns jdk.naming.rmi jdk.net jdk.nio.mapmode jdk.random jdk.sctp jdk.security.auth jdk.security.jgss jdk.unsupported jdk.unsupported.desktop jdk.xml.dom" 

Environment Variables:
PATH=C:\Windows\system32;C:\Windows;C:\Windows\System32\Wbem;C:\Windows\System32\WindowsPowerShell\v1.0\;C:\Windows\System32\OpenSSH\;C:\xampp\php;C:\composer;C:\Program Files\Git\cmd;C:\Program Files\Git\bin;C:\Program Files\Git\cmd;C:\Program Files\cursor\resources\app\bin;C:\Users\HP\AppData\Local\Android\Sdk\platform-tools;C:\Program Files\nodejs\;C:\ProgramData\chocolatey\bin;C:\Program Files\Android\Android Studio\jbr;C:\Program Files\Android\Android Studio\jbr\bin;;C:\Program Files\Docker\Docker\resources\bin;C:\Users\HP\AppData\Local\Microsoft\WindowsApps;C:\Users\HP\AppData\Local\Programs\Microsoft VS Code\bin;C:\Users\HP\AppData\Roaming\Composer\vendor\bin;C:\src\flutter\flutter\bin;C:\Users\HP\AppData\Roaming\npm;C:\Users\HP\AppData\Local\Programs\Antigravity\bin
USERNAME=HP
OS=Windows_NT
PROCESSOR_IDENTIFIER=Intel64 Family 6 Model 140 Stepping 1, GenuineIntel
TMP=C:\Users\HP\AppData\Local\Temp
TEMP=C:\Users\HP\AppData\Local\Temp




Periodic native trim disabled

---------------  S Y S T E M  ---------------

OS:
 Windows 11 , 64 bit Build 26100 (10.0.26100.7623)
OS uptime: 12 days 13:49 hours
Hyper-V role detected

CPU: total 8 (initial active 8) (4 cores per cpu, 2 threads per core) family 6 model 140 stepping 1 microcode 0xb4, cx8, cmov, fxsr, ht, mmx, 3dnowpref, sse, sse2, sse3, ssse3, sse4.1, sse4.2, popcnt, lzcnt, tsc, tscinvbit, avx, avx2, aes, erms, clmul, bmi1, bmi2, adx, avx512f, avx512dq, avx512cd, avx512bw, avx512vl, sha, fma, vzeroupper, avx512_vpopcntdq, avx512_vpclmulqdq, avx512_vaes, avx512_vnni, clflush, clflushopt, clwb, avx512_vbmi2, avx512_vbmi, hv, rdtscp, rdpid, fsrm, gfni, avx512_bitalg, f16c, cet_ibt, cet_ss, avx512_ifma
Processor Information for processor 0
  Max Mhz: 2401, Current Mhz: 2400, Mhz Limit: 2401
Processor Information for processor 1
  Max Mhz: 2401, Current Mhz: 2400, Mhz Limit: 2401
Processor Information for processor 2
  Max Mhz: 2401, Current Mhz: 2400, Mhz Limit: 2401
Processor Information for processor 3
  Max Mhz: 2401, Current Mhz: 1100, Mhz Limit: 2401
Processor Information for processor 4
  Max Mhz: 2401, Current Mhz: 2400, Mhz Limit: 2401
Processor Information for processor 5
  Max Mhz: 2401, Current Mhz: 1100, Mhz Limit: 2401
Processor Information for processor 6
  Max Mhz: 2401, Current Mhz: 2400, Mhz Limit: 2401
Processor Information for processor 7
  Max Mhz: 2401, Current Mhz: 2400, Mhz Limit: 2401

Memory: 4k page, system-wide physical 7834M (756M free)
TotalPageFile size 25371M (AvailPageFile size 0M)
current process WorkingSet (physical memory assigned to process): 8M, peak: 263M
current process commit charge ("private bytes"): 346M, peak: 370M

vm_info: OpenJDK 64-Bit Server VM (21.0.9+10-LTS) for windows-amd64 JRE (21.0.9+10-LTS), built on 2025-10-21T00:00:00Z by "admin" with unknown MS VC++:1942

END.
