#
# There is insufficient memory for the Java Runtime Environment to continue.
# Native memory allocation (malloc) failed to allocate 1048576 bytes. Error detail: AllocateHeap
# Possible reasons:
#   The system is out of physical RAM or swap space
#   This process is running with CompressedOops enabled, and the Java Heap may be blocking the growth of the native heap
# Possible solutions:
#   Reduce memory load on the system
#   Increase physical memory or swap space
#   Check if swap backing store is full
#   Decrease Java heap size (-Xmx/-Xms)
#   Decrease number of Java threads
#   Decrease Java thread stack sizes (-Xss)
#   Set larger code cache with -XX:ReservedCodeCacheSize=
#   JVM is running with Unscaled Compressed Oops mode in which the Java heap is
#     placed in the first 4GB address space. The Java Heap base address is the
#     maximum limit for the native heap growth. Please use -XX:HeapBaseMinAddress
#     to set the Java Heap base and to place the Java Heap above 4GB virtual address.
# This output file may be truncated or incomplete.
#
#  Out of Memory Error (allocation.cpp:44), pid=29932, tid=33444
#
# JRE version: OpenJDK Runtime Environment Temurin-21.0.9+10 (21.0.9+10) (build 21.0.9+10-LTS)
# Java VM: OpenJDK 64-Bit Server VM Temurin-21.0.9+10 (21.0.9+10-LTS, mixed mode, sharing, tiered, compressed oops, compressed class ptrs, parallel gc, windows-amd64)
# No core dump will be written. Minidumps are not enabled by default on client versions of Windows
#

---------------  S U M M A R Y ------------

Command Line: --add-modules=ALL-SYSTEM --add-opens=java.base/java.util=ALL-UNNAMED --add-opens=java.base/java.lang=ALL-UNNAMED --add-opens=java.base/sun.nio.fs=ALL-UNNAMED -Declipse.application=org.eclipse.jdt.ls.core.id1 -Dosgi.bundles.defaultStartLevel=4 -Declipse.product=org.eclipse.jdt.ls.core.product -Djava.import.generatesMetadataFilesAtProjectRoot=false -DDetectVMInstallationsJob.disabled=true -Dfile.encoding=utf8 -XX:+UseParallelGC -XX:GCTimeRatio=4 -XX:AdaptiveSizePolicyWeight=90 -Dsun.zip.disableMemoryMapping=true -Xmx2G -Xms100m -Xlog:disable -javaagent:c:\Users\HP\.vscode\extensions\redhat.java-1.52.0-win32-x64\lombok\lombok-1.18.39-4050.jar -XX:+HeapDumpOnOutOfMemoryError -XX:HeapDumpPath=c:\Users\HP\AppData\Roaming\Code\User\workspaceStorage\b92cd78c7fc6233ae7304c7b207eac48\redhat.java -Daether.dependencyCollector.impl=bf c:\Users\HP\.vscode\extensions\redhat.java-1.52.0-win32-x64\server\plugins\org.eclipse.equinox.launcher_1.7.100.v20251111-0406.jar -configuration c:\Users\HP\AppData\Roaming\Code\User\globalStorage\redhat.java\1.52.0\config_win -data c:\Users\HP\AppData\Roaming\Code\User\workspaceStorage\b92cd78c7fc6233ae7304c7b207eac48\redhat.java\jdt_ws --pipe=\\.\pipe\lsp-c35fd9f56c9993bdce0026c0c98c6619-sock

Host: 11th Gen Intel(R) Core(TM) i5-1135G7 @ 2.40GHz, 8 cores, 7G,  Windows 11 , 64 bit Build 26100 (10.0.26100.7623)
Time: Thu Feb 12 11:58:49 2026 E. Africa Standard Time elapsed time: 47825.696233 seconds (0d 13h 17m 5s)

---------------  T H R E A D  ---------------

Current thread (0x00000272534b9340):  JavaThread "Attach Listener" daemon [_thread_in_vm, id=33444, stack(0x000000e9e4e00000,0x000000e9e4f00000) (1024K)]

Stack: [0x000000e9e4e00000,0x000000e9e4f00000]
Native frames: (J=compiled Java code, j=interpreted, Vv=VM code, C=native code)
V  [jvm.dll+0x6d6e29]
V  [jvm.dll+0x8b4b76]
V  [jvm.dll+0x8b712e]
V  [jvm.dll+0x8b7813]
V  [jvm.dll+0x283d86]
V  [jvm.dll+0xc1277]
V  [jvm.dll+0x6d76d9]
V  [jvm.dll+0x133466]
V  [jvm.dll+0x3f7ea6]
V  [jvm.dll+0x85e9ad]
V  [jvm.dll+0x6d565d]
C  [ucrtbase.dll+0x37b0]
C  [KERNEL32.DLL+0x2e8d7]
C  [ntdll.dll+0x8c53c]


---------------  P R O C E S S  ---------------

Threads class SMR info:
_java_thread_list=0x000002729f1b5050, length=35, elements={
0x000002723ca3c9c0, 0x00000272534b4000, 0x00000272534b58b0, 0x00000272534b86f0,
0x00000272534b9340, 0x00000272534c2590, 0x00000272534c2fe0, 0x00000272534c5e20,
0x00000272534e7a70, 0x000002729a1f48c0, 0x000002729a2f2840, 0x000002729aa10af0,
0x000002729aaab000, 0x000002729a8acca0, 0x000002729aab3040, 0x000002729aeebcc0,
0x000002729aee9d10, 0x000002729b3b3fe0, 0x000002729b3b2c30, 0x000002729b3b4d00,
0x000002729b3b4670, 0x000002729b3b1880, 0x000002729a3b1620, 0x000002729a3af550,
0x000002729a3b0f90, 0x000002729a3b1cb0, 0x000002729a3aeec0, 0x000002729a3b2340,
0x000002729a3afbe0, 0x000002729a3b29d0, 0x000002729a3b36f0, 0x000002729a3b0270,
0x000002729a3b3060, 0x000002729a3b3d80, 0x000002729a3b4aa0
}

Java Threads: ( => current thread )
  0x000002723ca3c9c0 JavaThread "main"                              [_thread_blocked, id=24844, stack(0x000000e9e4700000,0x000000e9e4800000) (1024K)]
  0x00000272534b4000 JavaThread "Reference Handler"          daemon [_thread_blocked, id=8304, stack(0x000000e9e4b00000,0x000000e9e4c00000) (1024K)]
  0x00000272534b58b0 JavaThread "Finalizer"                  daemon [_thread_blocked, id=3372, stack(0x000000e9e4c00000,0x000000e9e4d00000) (1024K)]
  0x00000272534b86f0 JavaThread "Signal Dispatcher"          daemon [_thread_blocked, id=6272, stack(0x000000e9e4d00000,0x000000e9e4e00000) (1024K)]
=>0x00000272534b9340 JavaThread "Attach Listener"            daemon [_thread_in_vm, id=33444, stack(0x000000e9e4e00000,0x000000e9e4f00000) (1024K)]
  0x00000272534c2590 JavaThread "Service Thread"             daemon [_thread_blocked, id=15840, stack(0x000000e9e4f00000,0x000000e9e5000000) (1024K)]
  0x00000272534c2fe0 JavaThread "Monitor Deflation Thread"   daemon [_thread_blocked, id=25392, stack(0x000000e9e5000000,0x000000e9e5100000) (1024K)]
  0x00000272534c5e20 JavaThread "C2 CompilerThread0"         daemon [_thread_blocked, id=17972, stack(0x000000e9e5100000,0x000000e9e5200000) (1024K)]
  0x00000272534e7a70 JavaThread "C1 CompilerThread0"         daemon [_thread_blocked, id=17184, stack(0x000000e9e5200000,0x000000e9e5300000) (1024K)]
  0x000002729a1f48c0 JavaThread "Common-Cleaner"             daemon [_thread_blocked, id=27124, stack(0x000000e9e5300000,0x000000e9e5400000) (1024K)]
  0x000002729a2f2840 JavaThread "Notification Thread"        daemon [_thread_blocked, id=35396, stack(0x000000e9e5400000,0x000000e9e5500000) (1024K)]
  0x000002729aa10af0 JavaThread "Active Thread: Equinox Container: 94fc13c1-3fa6-4593-9e88-8ca6ad97ea57"        [_thread_blocked, id=9716, stack(0x000000e9e5b00000,0x000000e9e5c00000) (1024K)]
  0x000002729aaab000 JavaThread "Refresh Thread: Equinox Container: 94fc13c1-3fa6-4593-9e88-8ca6ad97ea57" daemon [_thread_blocked, id=19784, stack(0x000000e9e5e00000,0x000000e9e5f00000) (1024K)]
  0x000002729a8acca0 JavaThread "Framework Event Dispatcher: Equinox Container: 94fc13c1-3fa6-4593-9e88-8ca6ad97ea57" daemon [_thread_blocked, id=29208, stack(0x000000e9e5f00000,0x000000e9e6000000) (1024K)]
  0x000002729aab3040 JavaThread "Start Level: Equinox Container: 94fc13c1-3fa6-4593-9e88-8ca6ad97ea57" daemon [_thread_blocked, id=32316, stack(0x000000e9e5c00000,0x000000e9e5d00000) (1024K)]
  0x000002729aeebcc0 JavaThread "Bundle File Closer"         daemon [_thread_blocked, id=24644, stack(0x000000e9e6000000,0x000000e9e6100000) (1024K)]
  0x000002729aee9d10 JavaThread "SCR Component Actor"        daemon [_thread_blocked, id=33284, stack(0x000000e9e6100000,0x000000e9e6200000) (1024K)]
  0x000002729b3b3fe0 JavaThread "Worker-JM"                         [_thread_blocked, id=10692, stack(0x000000e9e6200000,0x000000e9e6300000) (1024K)]
  0x000002729b3b2c30 JavaThread "JNA Cleaner"                daemon [_thread_blocked, id=29272, stack(0x000000e9e6300000,0x000000e9e6400000) (1024K)]
  0x000002729b3b4d00 JavaThread "Java indexing"              daemon [_thread_blocked, id=35512, stack(0x000000e9e6800000,0x000000e9e6900000) (1024K)]
  0x000002729b3b4670 JavaThread "Worker-4"                          [_thread_blocked, id=34536, stack(0x000000e9e6b00000,0x000000e9e6c00000) (1024K)]
  0x000002729b3b1880 JavaThread "Worker-5"                          [_thread_blocked, id=35356, stack(0x000000e9e6c00000,0x000000e9e6d00000) (1024K)]
  0x000002729a3b1620 JavaThread "Thread-1"                   daemon [_thread_in_native, id=26584, stack(0x000000e9e6d00000,0x000000e9e6e00000) (1024K)]
  0x000002729a3af550 JavaThread "Thread-2"                   daemon [_thread_in_native, id=29108, stack(0x000000e9e6e00000,0x000000e9e6f00000) (1024K)]
  0x000002729a3b0f90 JavaThread "Thread-3"                   daemon [_thread_in_native, id=27024, stack(0x000000e9e6f00000,0x000000e9e7000000) (1024K)]
  0x000002729a3b1cb0 JavaThread "Thread-4"                   daemon [_thread_in_native, id=8504, stack(0x000000e9e7000000,0x000000e9e7100000) (1024K)]
  0x000002729a3aeec0 JavaThread "Thread-5"                   daemon [_thread_in_native, id=28732, stack(0x000000e9e7100000,0x000000e9e7200000) (1024K)]
  0x000002729a3b2340 JavaThread "Thread-6"                   daemon [_thread_in_native, id=23248, stack(0x000000e9e7200000,0x000000e9e7300000) (1024K)]
  0x000002729a3afbe0 JavaThread "Thread-7"                   daemon [_thread_in_native, id=27536, stack(0x000000e9e7300000,0x000000e9e7400000) (1024K)]
  0x000002729a3b29d0 JavaThread "Thread-8"                   daemon [_thread_in_native, id=33132, stack(0x000000e9e7400000,0x000000e9e7500000) (1024K)]
  0x000002729a3b36f0 JavaThread "Thread-9"                   daemon [_thread_in_native, id=9632, stack(0x000000e9e7500000,0x000000e9e7600000) (1024K)]
  0x000002729a3b0270 JavaThread "pool-2-thread-1"                   [_thread_blocked, id=32356, stack(0x000000e9e7600000,0x000000e9e7700000) (1024K)]
  0x000002729a3b3060 JavaThread "WorkspaceEventsHandler"            [_thread_blocked, id=35300, stack(0x000000e9e7700000,0x000000e9e7800000) (1024K)]
  0x000002729a3b3d80 JavaThread "pool-1-thread-1"                   [_thread_blocked, id=35340, stack(0x000000e9e7800000,0x000000e9e7900000) (1024K)]
  0x000002729a3b4aa0 JavaThread "Timer-0"                           [_thread_blocked, id=27760, stack(0x000000e9e7b00000,0x000000e9e7c00000) (1024K)]
Total: 35

Other Threads:
  0x0000027253491d20 VMThread "VM Thread"                           [id=31284, stack(0x000000e9e4a00000,0x000000e9e4b00000) (1024K)]
  0x000002723caaa5a0 WatcherThread "VM Periodic Task Thread"        [id=34840, stack(0x000000e9e4900000,0x000000e9e4a00000) (1024K)]
  0x000002723ca5a740 WorkerThread "GC Thread#0"                     [id=35520, stack(0x000000e9e4800000,0x000000e9e4900000) (1024K)]
  0x000002729aa31af0 WorkerThread "GC Thread#1"                     [id=17196, stack(0x000000e9e5500000,0x000000e9e5600000) (1024K)]
  0x000002729a60cd10 WorkerThread "GC Thread#2"                     [id=4012, stack(0x000000e9e5600000,0x000000e9e5700000) (1024K)]
  0x000002729a60d0b0 WorkerThread "GC Thread#3"                     [id=11800, stack(0x000000e9e5700000,0x000000e9e5800000) (1024K)]
  0x000002729a60d450 WorkerThread "GC Thread#4"                     [id=34344, stack(0x000000e9e5800000,0x000000e9e5900000) (1024K)]
  0x000002729a60d7f0 WorkerThread "GC Thread#5"                     [id=21140, stack(0x000000e9e5900000,0x000000e9e5a00000) (1024K)]
  0x000002729a60e3a0 WorkerThread "GC Thread#6"                     [id=34988, stack(0x000000e9e5a00000,0x000000e9e5b00000) (1024K)]
  0x000002729ac08660 WorkerThread "GC Thread#7"                     [id=32980, stack(0x000000e9e5d00000,0x000000e9e5e00000) (1024K)]
Total: 10

Threads with active compile tasks:
Total: 0

VM state: not at safepoint (normal execution)

VM Mutex/Monitor currently owned by a thread: None

Heap address: 0x0000000080000000, size: 2048 MB, Compressed Oops mode: 32-bit

CDS archive(s) mapped at: [0x0000027254000000-0x0000027254ba0000-0x0000027254ba0000), size 12189696, SharedBaseAddress: 0x0000027254000000, ArchiveRelocationMode: 1.
Compressed class space mapped at: 0x0000027255000000-0x0000027295000000, reserved size: 1073741824
Narrow klass base: 0x0000027254000000, Narrow klass shift: 0, Narrow klass range: 0x100000000

GC Precious Log:
 CardTable entry size: 512
 CPUs: 8 total, 8 available
 Memory: 7834M
 Large Page Support: Disabled
 NUMA Support: Disabled
 Compressed Oops: Enabled (32-bit)
 Alignments: Space 512K, Generation 512K, Heap 2M
 Heap Min Capacity: 100M
 Heap Initial Capacity: 100M
 Heap Max Capacity: 2G
 Pre-touch: Disabled
 Parallel Workers: 8

Heap:
 PSYoungGen      total 16384K, used 9042K [0x00000000d5580000, 0x00000000d6700000, 0x0000000100000000)
  eden space 14848K, 52% used [0x00000000d5580000,0x00000000d5d14ba0,0x00000000d6400000)
  from space 1536K, 83% used [0x00000000d6580000,0x00000000d66c0020,0x00000000d6700000)
  to   space 1536K, 0% used [0x00000000d6400000,0x00000000d6400000,0x00000000d6580000)
 ParOldGen       total 68608K, used 53159K [0x0000000080000000, 0x0000000084300000, 0x00000000d5580000)
  object space 68608K, 77% used [0x0000000080000000,0x00000000833e9f68,0x0000000084300000)
 Metaspace       used 58049K, committed 59520K, reserved 1114112K
  class space    used 6807K, committed 7424K, reserved 1048576K

Card table byte_map: [0x000002723c3e0000,0x000002723c7f0000] _byte_map_base: 0x000002723bfe0000

Marking Bits: (ParMarkBitMap*) 0x00007ff800ed2460
 Begin Bits: [0x000002724eef0000, 0x0000027250ef0000)
 End Bits:   [0x0000027250ef0000, 0x0000027252ef0000)

Polling page: 0x000002723a8e0000

Metaspace:

Usage:
  Non-class:     50.04 MB used.
      Class:      6.65 MB used.
       Both:     56.69 MB used.

Virtual space:
  Non-class space:       64.00 MB reserved,      50.88 MB ( 79%) committed,  1 nodes.
      Class space:        1.00 GB reserved,       7.25 MB ( <1%) committed,  1 nodes.
             Both:        1.06 GB reserved,      58.12 MB (  5%) committed. 

Chunk freelists:
   Non-Class:  12.67 MB
       Class:  8.67 MB
        Both:  21.34 MB

MaxMetaspaceSize: unlimited
CompressedClassSpaceSize: 1.00 GB
Initial GC threshold: 21.00 MB
Current GC threshold: 58.38 MB
CDS: on
 - commit_granule_bytes: 65536.
 - commit_granule_words: 8192.
 - virtual_space_node_default_size: 8388608.
 - enlarge_chunks_in_place: 1.
 - use_allocation_guard: 0.


Internal statistics:

num_allocs_failed_limit: 6.
num_arena_births: 1026.
num_arena_deaths: 14.
num_vsnodes_births: 2.
num_vsnodes_deaths: 0.
num_space_committed: 930.
num_space_uncommitted: 0.
num_chunks_returned_to_freelist: 20.
num_chunks_taken_from_freelist: 3596.
num_chunk_merges: 12.
num_chunk_splits: 2278.
num_chunks_enlarged: 1407.
num_inconsistent_stats: 0.

CodeHeap 'non-profiled nmethods': size=120000Kb used=4150Kb max_used=4150Kb free=115850Kb
 bounds [0x0000027247710000, 0x0000027247b20000, 0x000002724ec40000]
CodeHeap 'profiled nmethods': size=120000Kb used=14774Kb max_used=14774Kb free=105225Kb
 bounds [0x000002723fc40000, 0x0000027240ab0000, 0x0000027247170000]
CodeHeap 'non-nmethods': size=5760Kb used=1396Kb max_used=1448Kb free=4363Kb
 bounds [0x0000027247170000, 0x00000272473e0000, 0x0000027247710000]
CodeCache: size=245760Kb, used=20320Kb, max_used=20372Kb, free=225438Kb
 total_blobs=8122, nmethods=7432, adapters=596, full_count=0
Compilation: enabled, stopped_count=0, restarted_count=0

Compilation events (20 events):
Event: 47592.470 Thread 0x00000272534e7a70 nmethod 8001 0x0000027240aa5510 code [0x0000027240aa58e0, 0x0000027240aa7298]
Event: 47592.470 Thread 0x00000272534e7a70 8002       3       java.util.concurrent.locks.AbstractQueuedSynchronizer::acquireSharedInterruptibly (36 bytes)
Event: 47592.475 Thread 0x00000272534e7a70 nmethod 8002 0x0000027240aa7890 code [0x0000027240aa7aa0, 0x0000027240aa8028]
Event: 47592.475 Thread 0x00000272534e7a70 8003       3       java.util.concurrent.CountDownLatch::await (9 bytes)
Event: 47592.477 Thread 0x00000272534c5e20 nmethod 8000 0x0000027247b1c810 code [0x0000027247b1ca00, 0x0000027247b1cf10]
Event: 47592.477 Thread 0x00000272534e7a70 nmethod 8003 0x0000027240aa8210 code [0x0000027240aa83c0, 0x0000027240aa8508]
Event: 47592.478 Thread 0x00000272534e7a70 8005       1       org.eclipse.jdt.internal.core.JavaModelManager::getJavaModel (5 bytes)
Event: 47592.481 Thread 0x00000272534e7a70 nmethod 8005 0x0000027247b1d210 code [0x0000027247b1d3a0, 0x0000027247b1d468]
Event: 47592.482 Thread 0x00000272534e7a70 8004       1       org.eclipse.lsp4j.ExecuteCommandParams::getCommand (5 bytes)
Event: 47592.485 Thread 0x00000272534e7a70 nmethod 8004 0x0000027247b1d510 code [0x0000027247b1d6a0, 0x0000027247b1d768]
Event: 47592.551 Thread 0x00000272534e7a70 8006       3       org.eclipse.core.filesystem.provider.FileStore::<init> (5 bytes)
Event: 47592.552 Thread 0x00000272534e7a70 nmethod 8006 0x0000027240aa8610 code [0x0000027240aa87c0, 0x0000027240aa8988]
Event: 47592.552 Thread 0x00000272534e7a70 8007       3       org.eclipse.core.internal.filesystem.local.LocalFile::<init> (18 bytes)
Event: 47592.560 Thread 0x00000272534e7a70 nmethod 8007 0x0000027240aa8a90 code [0x0000027240aa8c60, 0x0000027240aa8f78]
Event: 47592.566 Thread 0x00000272534e7a70 8008       3       java.util.regex.Pattern::compile (537 bytes)
Event: 47592.577 Thread 0x00000272534e7a70 nmethod 8008 0x0000027240aa9110 code [0x0000027240aa95a0, 0x0000027240aabdb8]
Event: 47652.940 Thread 0x00000272534e7a70 8009       3       java.util.concurrent.locks.LockSupport::unpark (26 bytes)
Event: 47652.965 Thread 0x00000272534e7a70 nmethod 8009 0x0000027240aac890 code [0x0000027240aaca60, 0x0000027240aacda8]
Event: 47712.708 Thread 0x00000272534e7a70 8010       3       org.eclipse.lsp4j.jsonrpc.json.adapters.TypeUtils::isTwoTuple (39 bytes)
Event: 47712.733 Thread 0x00000272534e7a70 nmethod 8010 0x0000027240aace90 code [0x0000027240aad0a0, 0x0000027240aad788]

GC Heap History (20 events):
Event: 22.209 GC heap before
{Heap before GC invocations=35 (full 2):
 PSYoungGen      total 15360K, used 15360K [0x00000000d5580000, 0x00000000d6a00000, 0x0000000100000000)
  eden space 14848K, 100% used [0x00000000d5580000,0x00000000d6400000,0x00000000d6400000)
  from space 512K, 100% used [0x00000000d6980000,0x00000000d6a00000,0x00000000d6a00000)
  to   space 1024K, 0% used [0x00000000d6800000,0x00000000d6800000,0x00000000d6900000)
 ParOldGen       total 68608K, used 40324K [0x0000000080000000, 0x0000000084300000, 0x00000000d5580000)
  object space 68608K, 58% used [0x0000000080000000,0x0000000082761098,0x0000000084300000)
 Metaspace       used 56428K, committed 57792K, reserved 1114112K
  class space    used 6644K, committed 7168K, reserved 1048576K
}
Event: 22.212 GC heap after
{Heap after GC invocations=35 (full 2):
 PSYoungGen      total 15872K, used 992K [0x00000000d5580000, 0x00000000d6a00000, 0x0000000100000000)
  eden space 14848K, 0% used [0x00000000d5580000,0x00000000d5580000,0x00000000d6400000)
  from space 1024K, 96% used [0x00000000d6800000,0x00000000d68f8030,0x00000000d6900000)
  to   space 1024K, 0% used [0x00000000d6900000,0x00000000d6900000,0x00000000d6a00000)
 ParOldGen       total 68608K, used 40994K [0x0000000080000000, 0x0000000084300000, 0x00000000d5580000)
  object space 68608K, 59% used [0x0000000080000000,0x0000000082808898,0x0000000084300000)
 Metaspace       used 56428K, committed 57792K, reserved 1114112K
  class space    used 6644K, committed 7168K, reserved 1048576K
}
Event: 22.296 GC heap before
{Heap before GC invocations=36 (full 2):
 PSYoungGen      total 15872K, used 15840K [0x00000000d5580000, 0x00000000d6a00000, 0x0000000100000000)
  eden space 14848K, 100% used [0x00000000d5580000,0x00000000d6400000,0x00000000d6400000)
  from space 1024K, 96% used [0x00000000d6800000,0x00000000d68f8030,0x00000000d6900000)
  to   space 1024K, 0% used [0x00000000d6900000,0x00000000d6900000,0x00000000d6a00000)
 ParOldGen       total 68608K, used 40994K [0x0000000080000000, 0x0000000084300000, 0x00000000d5580000)
  object space 68608K, 59% used [0x0000000080000000,0x0000000082808898,0x0000000084300000)
 Metaspace       used 56428K, committed 57792K, reserved 1114112K
  class space    used 6644K, committed 7168K, reserved 1048576K
}
Event: 22.300 GC heap after
{Heap after GC invocations=36 (full 2):
 PSYoungGen      total 15872K, used 992K [0x00000000d5580000, 0x00000000d6a00000, 0x0000000100000000)
  eden space 14848K, 0% used [0x00000000d5580000,0x00000000d5580000,0x00000000d6400000)
  from space 1024K, 96% used [0x00000000d6900000,0x00000000d69f8010,0x00000000d6a00000)
  to   space 2560K, 0% used [0x00000000d6500000,0x00000000d6500000,0x00000000d6780000)
 ParOldGen       total 68608K, used 42314K [0x0000000080000000, 0x0000000084300000, 0x00000000d5580000)
  object space 68608K, 61% used [0x0000000080000000,0x00000000829528d8,0x0000000084300000)
 Metaspace       used 56428K, committed 57792K, reserved 1114112K
  class space    used 6644K, committed 7168K, reserved 1048576K
}
Event: 22.421 GC heap before
{Heap before GC invocations=37 (full 2):
 PSYoungGen      total 15872K, used 15840K [0x00000000d5580000, 0x00000000d6a00000, 0x0000000100000000)
  eden space 14848K, 100% used [0x00000000d5580000,0x00000000d6400000,0x00000000d6400000)
  from space 1024K, 96% used [0x00000000d6900000,0x00000000d69f8010,0x00000000d6a00000)
  to   space 2560K, 0% used [0x00000000d6500000,0x00000000d6500000,0x00000000d6780000)
 ParOldGen       total 68608K, used 42314K [0x0000000080000000, 0x0000000084300000, 0x00000000d5580000)
  object space 68608K, 61% used [0x0000000080000000,0x00000000829528d8,0x0000000084300000)
 Metaspace       used 56753K, committed 58112K, reserved 1114112K
  class space    used 6691K, committed 7232K, reserved 1048576K
}
Event: 22.425 GC heap after
{Heap after GC invocations=37 (full 2):
 PSYoungGen      total 17408K, used 1698K [0x00000000d5580000, 0x00000000d6980000, 0x0000000100000000)
  eden space 14848K, 0% used [0x00000000d5580000,0x00000000d5580000,0x00000000d6400000)
  from space 2560K, 66% used [0x00000000d6500000,0x00000000d66a8810,0x00000000d6780000)
  to   space 2048K, 0% used [0x00000000d6780000,0x00000000d6780000,0x00000000d6980000)
 ParOldGen       total 68608K, used 43346K [0x0000000080000000, 0x0000000084300000, 0x00000000d5580000)
  object space 68608K, 63% used [0x0000000080000000,0x0000000082a548e8,0x0000000084300000)
 Metaspace       used 56753K, committed 58112K, reserved 1114112K
  class space    used 6691K, committed 7232K, reserved 1048576K
}
Event: 22.532 GC heap before
{Heap before GC invocations=38 (full 2):
 PSYoungGen      total 17408K, used 16546K [0x00000000d5580000, 0x00000000d6980000, 0x0000000100000000)
  eden space 14848K, 100% used [0x00000000d5580000,0x00000000d6400000,0x00000000d6400000)
  from space 2560K, 66% used [0x00000000d6500000,0x00000000d66a8810,0x00000000d6780000)
  to   space 2048K, 0% used [0x00000000d6780000,0x00000000d6780000,0x00000000d6980000)
 ParOldGen       total 68608K, used 43346K [0x0000000080000000, 0x0000000084300000, 0x00000000d5580000)
  object space 68608K, 63% used [0x0000000080000000,0x0000000082a548e8,0x0000000084300000)
 Metaspace       used 56848K, committed 58176K, reserved 1114112K
  class space    used 6707K, committed 7232K, reserved 1048576K
}
Event: 22.536 GC heap after
{Heap after GC invocations=38 (full 2):
 PSYoungGen      total 16896K, used 1536K [0x00000000d5580000, 0x00000000d6980000, 0x0000000100000000)
  eden space 14848K, 0% used [0x00000000d5580000,0x00000000d5580000,0x00000000d6400000)
  from space 2048K, 75% used [0x00000000d6780000,0x00000000d6900010,0x00000000d6980000)
  to   space 2048K, 0% used [0x00000000d6580000,0x00000000d6580000,0x00000000d6780000)
 ParOldGen       total 68608K, used 44944K [0x0000000080000000, 0x0000000084300000, 0x00000000d5580000)
  object space 68608K, 65% used [0x0000000080000000,0x0000000082be4270,0x0000000084300000)
 Metaspace       used 56848K, committed 58176K, reserved 1114112K
  class space    used 6707K, committed 7232K, reserved 1048576K
}
Event: 22.636 GC heap before
{Heap before GC invocations=39 (full 2):
 PSYoungGen      total 16896K, used 16384K [0x00000000d5580000, 0x00000000d6980000, 0x0000000100000000)
  eden space 14848K, 100% used [0x00000000d5580000,0x00000000d6400000,0x00000000d6400000)
  from space 2048K, 75% used [0x00000000d6780000,0x00000000d6900010,0x00000000d6980000)
  to   space 2048K, 0% used [0x00000000d6580000,0x00000000d6580000,0x00000000d6780000)
 ParOldGen       total 68608K, used 44944K [0x0000000080000000, 0x0000000084300000, 0x00000000d5580000)
  object space 68608K, 65% used [0x0000000080000000,0x0000000082be4270,0x0000000084300000)
 Metaspace       used 56860K, committed 58176K, reserved 1114112K
  class space    used 6707K, committed 7232K, reserved 1048576K
}
Event: 22.640 GC heap after
{Heap after GC invocations=39 (full 2):
 PSYoungGen      total 16896K, used 1600K [0x00000000d5580000, 0x00000000d6800000, 0x0000000100000000)
  eden space 14848K, 0% used [0x00000000d5580000,0x00000000d5580000,0x00000000d6400000)
  from space 2048K, 78% used [0x00000000d6580000,0x00000000d6710000,0x00000000d6780000)
  to   space 512K, 0% used [0x00000000d6780000,0x00000000d6780000,0x00000000d6800000)
 ParOldGen       total 68608K, used 46312K [0x0000000080000000, 0x0000000084300000, 0x00000000d5580000)
  object space 68608K, 67% used [0x0000000080000000,0x0000000082d3a280,0x0000000084300000)
 Metaspace       used 56860K, committed 58176K, reserved 1114112K
  class space    used 6707K, committed 7232K, reserved 1048576K
}
Event: 22.725 GC heap before
{Heap before GC invocations=40 (full 2):
 PSYoungGen      total 16896K, used 16448K [0x00000000d5580000, 0x00000000d6800000, 0x0000000100000000)
  eden space 14848K, 100% used [0x00000000d5580000,0x00000000d6400000,0x00000000d6400000)
  from space 2048K, 78% used [0x00000000d6580000,0x00000000d6710000,0x00000000d6780000)
  to   space 512K, 0% used [0x00000000d6780000,0x00000000d6780000,0x00000000d6800000)
 ParOldGen       total 68608K, used 46312K [0x0000000080000000, 0x0000000084300000, 0x00000000d5580000)
  object space 68608K, 67% used [0x0000000080000000,0x0000000082d3a280,0x0000000084300000)
 Metaspace       used 56861K, committed 58176K, reserved 1114112K
  class space    used 6707K, committed 7232K, reserved 1048576K
}
Event: 22.730 GC heap after
{Heap after GC invocations=40 (full 2):
 PSYoungGen      total 15360K, used 512K [0x00000000d5580000, 0x00000000d6a00000, 0x0000000100000000)
  eden space 14848K, 0% used [0x00000000d5580000,0x00000000d5580000,0x00000000d6400000)
  from space 512K, 100% used [0x00000000d6780000,0x00000000d6800000,0x00000000d6800000)
  to   space 3072K, 0% used [0x00000000d6400000,0x00000000d6400000,0x00000000d6700000)
 ParOldGen       total 68608K, used 48607K [0x0000000080000000, 0x0000000084300000, 0x00000000d5580000)
  object space 68608K, 70% used [0x0000000080000000,0x0000000082f77d58,0x0000000084300000)
 Metaspace       used 56861K, committed 58176K, reserved 1114112K
  class space    used 6707K, committed 7232K, reserved 1048576K
}
Event: 22.828 GC heap before
{Heap before GC invocations=41 (full 2):
 PSYoungGen      total 15360K, used 15360K [0x00000000d5580000, 0x00000000d6a00000, 0x0000000100000000)
  eden space 14848K, 100% used [0x00000000d5580000,0x00000000d6400000,0x00000000d6400000)
  from space 512K, 100% used [0x00000000d6780000,0x00000000d6800000,0x00000000d6800000)
  to   space 3072K, 0% used [0x00000000d6400000,0x00000000d6400000,0x00000000d6700000)
 ParOldGen       total 68608K, used 48607K [0x0000000080000000, 0x0000000084300000, 0x00000000d5580000)
  object space 68608K, 70% used [0x0000000080000000,0x0000000082f77d58,0x0000000084300000)
 Metaspace       used 56864K, committed 58176K, reserved 1114112K
  class space    used 6707K, committed 7232K, reserved 1048576K
}
Event: 22.831 GC heap after
{Heap after GC invocations=41 (full 2):
 PSYoungGen      total 16384K, used 1344K [0x00000000d5580000, 0x00000000d6800000, 0x0000000100000000)
  eden space 14848K, 0% used [0x00000000d5580000,0x00000000d5580000,0x00000000d6400000)
  from space 1536K, 87% used [0x00000000d6400000,0x00000000d6550000,0x00000000d6580000)
  to   space 2048K, 0% used [0x00000000d6600000,0x00000000d6600000,0x00000000d6800000)
 ParOldGen       total 68608K, used 49143K [0x0000000080000000, 0x0000000084300000, 0x00000000d5580000)
  object space 68608K, 71% used [0x0000000080000000,0x0000000082ffdd58,0x0000000084300000)
 Metaspace       used 56864K, committed 58176K, reserved 1114112K
  class space    used 6707K, committed 7232K, reserved 1048576K
}
Event: 22.950 GC heap before
{Heap before GC invocations=42 (full 2):
 PSYoungGen      total 16384K, used 16192K [0x00000000d5580000, 0x00000000d6800000, 0x0000000100000000)
  eden space 14848K, 100% used [0x00000000d5580000,0x00000000d6400000,0x00000000d6400000)
  from space 1536K, 87% used [0x00000000d6400000,0x00000000d6550000,0x00000000d6580000)
  to   space 2048K, 0% used [0x00000000d6600000,0x00000000d6600000,0x00000000d6800000)
 ParOldGen       total 68608K, used 49143K [0x0000000080000000, 0x0000000084300000, 0x00000000d5580000)
  object space 68608K, 71% used [0x0000000080000000,0x0000000082ffdd58,0x0000000084300000)
 Metaspace       used 56875K, committed 58304K, reserved 1114112K
  class space    used 6708K, committed 7296K, reserved 1048576K
}
Event: 22.953 GC heap after
{Heap after GC invocations=42 (full 2):
 PSYoungGen      total 16896K, used 1696K [0x00000000d5580000, 0x00000000d6800000, 0x0000000100000000)
  eden space 14848K, 0% used [0x00000000d5580000,0x00000000d5580000,0x00000000d6400000)
  from space 2048K, 82% used [0x00000000d6600000,0x00000000d67a8010,0x00000000d6800000)
  to   space 2048K, 0% used [0x00000000d6400000,0x00000000d6400000,0x00000000d6600000)
 ParOldGen       total 68608K, used 50367K [0x0000000080000000, 0x0000000084300000, 0x00000000d5580000)
  object space 68608K, 73% used [0x0000000080000000,0x000000008312fd58,0x0000000084300000)
 Metaspace       used 56875K, committed 58304K, reserved 1114112K
  class space    used 6708K, committed 7296K, reserved 1048576K
}
Event: 23.015 GC heap before
{Heap before GC invocations=43 (full 2):
 PSYoungGen      total 16896K, used 16544K [0x00000000d5580000, 0x00000000d6800000, 0x0000000100000000)
  eden space 14848K, 100% used [0x00000000d5580000,0x00000000d6400000,0x00000000d6400000)
  from space 2048K, 82% used [0x00000000d6600000,0x00000000d67a8010,0x00000000d6800000)
  to   space 2048K, 0% used [0x00000000d6400000,0x00000000d6400000,0x00000000d6600000)
 ParOldGen       total 68608K, used 50367K [0x0000000080000000, 0x0000000084300000, 0x00000000d5580000)
  object space 68608K, 73% used [0x0000000080000000,0x000000008312fd58,0x0000000084300000)
 Metaspace       used 56895K, committed 58304K, reserved 1114112K
  class space    used 6708K, committed 7296K, reserved 1048576K
}
Event: 23.018 GC heap after
{Heap after GC invocations=43 (full 2):
 PSYoungGen      total 16384K, used 1368K [0x00000000d5580000, 0x00000000d6700000, 0x0000000100000000)
  eden space 14848K, 0% used [0x00000000d5580000,0x00000000d5580000,0x00000000d6400000)
  from space 1536K, 89% used [0x00000000d6400000,0x00000000d6556200,0x00000000d6580000)
  to   space 1536K, 0% used [0x00000000d6580000,0x00000000d6580000,0x00000000d6700000)
 ParOldGen       total 68608K, used 51887K [0x0000000080000000, 0x0000000084300000, 0x00000000d5580000)
  object space 68608K, 75% used [0x0000000080000000,0x00000000832abd68,0x0000000084300000)
 Metaspace       used 56895K, committed 58304K, reserved 1114112K
  class space    used 6708K, committed 7296K, reserved 1048576K
}
Event: 23.097 GC heap before
{Heap before GC invocations=44 (full 2):
 PSYoungGen      total 16384K, used 16216K [0x00000000d5580000, 0x00000000d6700000, 0x0000000100000000)
  eden space 14848K, 100% used [0x00000000d5580000,0x00000000d6400000,0x00000000d6400000)
  from space 1536K, 89% used [0x00000000d6400000,0x00000000d6556200,0x00000000d6580000)
  to   space 1536K, 0% used [0x00000000d6580000,0x00000000d6580000,0x00000000d6700000)
 ParOldGen       total 68608K, used 51887K [0x0000000080000000, 0x0000000084300000, 0x00000000d5580000)
  object space 68608K, 75% used [0x0000000080000000,0x00000000832abd68,0x0000000084300000)
 Metaspace       used 57205K, committed 58560K, reserved 1114112K
  class space    used 6743K, committed 7296K, reserved 1048576K
}
Event: 23.100 GC heap after
{Heap after GC invocations=44 (full 2):
 PSYoungGen      total 16384K, used 1280K [0x00000000d5580000, 0x00000000d6700000, 0x0000000100000000)
  eden space 14848K, 0% used [0x00000000d5580000,0x00000000d5580000,0x00000000d6400000)
  from space 1536K, 83% used [0x00000000d6580000,0x00000000d66c0020,0x00000000d6700000)
  to   space 1536K, 0% used [0x00000000d6400000,0x00000000d6400000,0x00000000d6580000)
 ParOldGen       total 68608K, used 53159K [0x0000000080000000, 0x0000000084300000, 0x00000000d5580000)
  object space 68608K, 77% used [0x0000000080000000,0x00000000833e9f68,0x0000000084300000)
 Metaspace       used 57205K, committed 58560K, reserved 1114112K
  class space    used 6743K, committed 7296K, reserved 1048576K
}

Dll operation events (13 events):
Event: 0.023 Loaded shared library c:\Users\HP\.vscode\extensions\redhat.java-1.52.0-win32-x64\jre\21.0.9-win32-x86_64\bin\java.dll
Event: 0.297 Loaded shared library c:\Users\HP\.vscode\extensions\redhat.java-1.52.0-win32-x64\jre\21.0.9-win32-x86_64\bin\zip.dll
Event: 0.349 Loaded shared library C:\Users\HP\.vscode\extensions\redhat.java-1.52.0-win32-x64\jre\21.0.9-win32-x86_64\bin\instrument.dll
Event: 0.357 Loaded shared library C:\Users\HP\.vscode\extensions\redhat.java-1.52.0-win32-x64\jre\21.0.9-win32-x86_64\bin\net.dll
Event: 0.360 Loaded shared library C:\Users\HP\.vscode\extensions\redhat.java-1.52.0-win32-x64\jre\21.0.9-win32-x86_64\bin\nio.dll
Event: 0.364 Loaded shared library C:\Users\HP\.vscode\extensions\redhat.java-1.52.0-win32-x64\jre\21.0.9-win32-x86_64\bin\zip.dll
Event: 0.448 Loaded shared library C:\Users\HP\.vscode\extensions\redhat.java-1.52.0-win32-x64\jre\21.0.9-win32-x86_64\bin\jimage.dll
Event: 0.751 Loaded shared library c:\Users\HP\.vscode\extensions\redhat.java-1.52.0-win32-x64\jre\21.0.9-win32-x86_64\bin\verify.dll
Event: 4.825 Loaded shared library C:\Users\HP\AppData\Roaming\Code\User\globalStorage\redhat.java\1.52.0\config_win\org.eclipse.equinox.launcher\org.eclipse.equinox.launcher.win32.win32.x86_64_1.2.1500.v20260121-1430\eclipse_11919.dll
Event: 8.241 Loaded shared library C:\Users\HP\AppData\Local\Temp\jna-2312\jna14981547653925851787.dll
Event: 17.225 Loaded shared library C:\Users\HP\.gradle\native\1def1411415f61bf3af743bc5b6707747c0891f09f0c88961ee8f79bc544acac\windows-amd64\native-platform.dll
Event: 19.214 Loaded shared library C:\Users\HP\.vscode\extensions\redhat.java-1.52.0-win32-x64\jre\21.0.9-win32-x86_64\bin\management.dll
Event: 19.230 Loaded shared library C:\Users\HP\.vscode\extensions\redhat.java-1.52.0-win32-x64\jre\21.0.9-win32-x86_64\bin\management_ext.dll

Deoptimization events (20 events):
Event: 33.295 Thread 0x000002729aa10af0 Uncommon trap: trap_request=0xffffff45 fr.pc=0x00000272479d3534 relative=0x0000000000000574
Event: 33.295 Thread 0x000002729aa10af0 Uncommon trap: reason=unstable_if action=reinterpret pc=0x00000272479d3534 method=java.util.HashMap.putVal(ILjava/lang/Object;Ljava/lang/Object;ZZ)Ljava/lang/Object; @ 94 c2
Event: 33.295 Thread 0x000002729aa10af0 DEOPT PACKING pc=0x00000272479d3534 sp=0x000000e9e5bfeb60
Event: 33.295 Thread 0x000002729aa10af0 DEOPT UNPACKING pc=0x00000272471c6da2 sp=0x000000e9e5bfea70 mode 2
Event: 33.296 Thread 0x000002729aa10af0 Uncommon trap: trap_request=0xffffff45 fr.pc=0x0000027247a91ad0 relative=0x0000000000000550
Event: 33.296 Thread 0x000002729aa10af0 Uncommon trap: reason=unstable_if action=reinterpret pc=0x0000027247a91ad0 method=java.util.HashMap.removeNode(ILjava/lang/Object;Ljava/lang/Object;ZZ)Ljava/util/HashMap$Node; @ 62 c2
Event: 33.296 Thread 0x000002729aa10af0 DEOPT PACKING pc=0x0000027247a91ad0 sp=0x000000e9e5bfecf0
Event: 33.296 Thread 0x000002729aa10af0 DEOPT UNPACKING pc=0x00000272471c6da2 sp=0x000000e9e5bfebf0 mode 2
Event: 33.303 Thread 0x000002729aa10af0 Uncommon trap: trap_request=0xffffff45 fr.pc=0x00000272477ae4b4 relative=0x00000000000001d4
Event: 33.303 Thread 0x000002729aa10af0 Uncommon trap: reason=unstable_if action=reinterpret pc=0x00000272477ae4b4 method=java.util.HashMap.getNode(Ljava/lang/Object;)Ljava/util/HashMap$Node; @ 131 c2
Event: 33.303 Thread 0x000002729aa10af0 DEOPT PACKING pc=0x00000272477ae4b4 sp=0x000000e9e5bfece0
Event: 33.303 Thread 0x000002729aa10af0 DEOPT UNPACKING pc=0x00000272471c6da2 sp=0x000000e9e5bfebf0 mode 2
Event: 33.303 Thread 0x000002729aa10af0 Uncommon trap: trap_request=0xffffff45 fr.pc=0x00000272477add14 relative=0x0000000000000234
Event: 33.303 Thread 0x000002729aa10af0 Uncommon trap: reason=unstable_if action=reinterpret pc=0x00000272477add14 method=java.util.HashMap.getNode(Ljava/lang/Object;)Ljava/util/HashMap$Node; @ 131 c2
Event: 33.303 Thread 0x000002729aa10af0 DEOPT PACKING pc=0x00000272477add14 sp=0x000000e9e5bfec00
Event: 33.303 Thread 0x000002729aa10af0 DEOPT UNPACKING pc=0x00000272471c6da2 sp=0x000000e9e5bfeb80 mode 2
Event: 33.340 Thread 0x000002729aa10af0 Uncommon trap: trap_request=0xffffff45 fr.pc=0x0000027247958888 relative=0x00000000000001c8
Event: 33.340 Thread 0x000002729aa10af0 Uncommon trap: reason=unstable_if action=reinterpret pc=0x0000027247958888 method=java.util.regex.Pattern.atom()Ljava/util/regex/Pattern$Node; @ 14 c2
Event: 33.340 Thread 0x000002729aa10af0 DEOPT PACKING pc=0x0000027247958888 sp=0x000000e9e5bfde60
Event: 33.340 Thread 0x000002729aa10af0 DEOPT UNPACKING pc=0x00000272471c6da2 sp=0x000000e9e5bfdde8 mode 2

Classes loaded (20 events):
Event: 33.339 Loading class sun/util/cldr/CLDRTimeZoneNameProviderImpl
Event: 33.340 Loading class sun/util/locale/provider/TimeZoneNameProviderImpl
Event: 33.340 Loading class sun/util/locale/provider/TimeZoneNameProviderImpl done
Event: 33.340 Loading class sun/util/cldr/CLDRTimeZoneNameProviderImpl done
Event: 33.342 Loading class sun/util/resources/cldr/TimeZoneNames
Event: 33.342 Loading class sun/util/resources/TimeZoneNamesBundle
Event: 33.343 Loading class sun/util/resources/OpenListResourceBundle
Event: 33.343 Loading class sun/util/resources/OpenListResourceBundle done
Event: 33.343 Loading class sun/util/resources/TimeZoneNamesBundle done
Event: 33.343 Loading class sun/util/resources/cldr/TimeZoneNames done
Event: 33.343 Loading class sun/util/resources/cldr/TimeZoneNames_en
Event: 33.345 Loading class sun/util/resources/cldr/TimeZoneNames_en done
Event: 33.345 Loading class sun/util/resources/cldr/TimeZoneNames_en_US
Event: 33.345 Loading class sun/util/resources/cldr/TimeZoneNames_en_US done
Event: 33.346 Loading class sun/util/cldr/CLDRBaseLocaleDataMetaInfo$TZCanonicalIDMapHolder
Event: 33.348 Loading class sun/util/cldr/CLDRBaseLocaleDataMetaInfo$TZCanonicalIDMapHolder done
Event: 33.349 Loading class sun/util/resources/TimeZoneNames
Event: 33.350 Loading class sun/util/resources/TimeZoneNames done
Event: 33.350 Loading class sun/util/resources/TimeZoneNames_en
Event: 33.350 Loading class sun/util/resources/TimeZoneNames_en done

Classes unloaded (7 events):
Event: 10.105 Thread 0x0000027253491d20 Unloading class 0x00000272551acc00 'java/lang/invoke/LambdaForm$MH+0x00000272551acc00'
Event: 10.105 Thread 0x0000027253491d20 Unloading class 0x00000272551ac800 'java/lang/invoke/LambdaForm$MH+0x00000272551ac800'
Event: 10.105 Thread 0x0000027253491d20 Unloading class 0x00000272551ac400 'java/lang/invoke/LambdaForm$MH+0x00000272551ac400'
Event: 10.105 Thread 0x0000027253491d20 Unloading class 0x00000272551ac000 'java/lang/invoke/LambdaForm$MH+0x00000272551ac000'
Event: 10.105 Thread 0x0000027253491d20 Unloading class 0x00000272551abc00 'java/lang/invoke/LambdaForm$BMH+0x00000272551abc00'
Event: 10.105 Thread 0x0000027253491d20 Unloading class 0x00000272551ab800 'java/lang/invoke/LambdaForm$DMH+0x00000272551ab800'
Event: 10.105 Thread 0x0000027253491d20 Unloading class 0x00000272551aa400 'java/lang/invoke/LambdaForm$DMH+0x00000272551aa400'

Classes redefined (0 events):
No events

Internal exceptions (20 events):
Event: 21.538 Thread 0x000002729b3b25a0 Exception <a 'sun/nio/fs/WindowsException'{0x00000000d61a3698}> (0x00000000d61a3698) 
thrown [s\src\hotspot\share\prims\jni.cpp, line 520]
Event: 21.538 Thread 0x000002729b3b25a0 Exception <a 'sun/nio/fs/WindowsException'{0x00000000d61a3fa8}> (0x00000000d61a3fa8) 
thrown [s\src\hotspot\share\prims\jni.cpp, line 520]
Event: 21.553 Thread 0x000002729a3b3d80 Exception <a 'java/lang/IncompatibleClassChangeError'{0x00000000d61fc880}: Found class java.lang.Object, but interface was expected> (0x00000000d61fc880) 
thrown [s\src\hotspot\share\interpreter\linkResolver.cpp, line 840]
Event: 21.715 Thread 0x000002729a3b4410 Exception <a 'java/lang/NoSuchMethodError'{0x00000000d56ee040}: 'java.lang.Object java.lang.invoke.DirectMethodHandle$Holder.invokeStaticInit(java.lang.Object, java.lang.Object, java.lang.Object)'> (0x00000000d56ee040) 
thrown [s\src\hotspot\share\interpreter\linkResolver.cpp, line 773]
Event: 21.924 Thread 0x000002729b3b25a0 Implicit null exception at 0x0000027247a12426 to 0x0000027247a126f0
Event: 21.924 Thread 0x000002729b3b25a0 Exception <a 'java/lang/NoSuchMethodError'{0x00000000d5839ed8}: 'java.lang.Object java.lang.invoke.DelegatingMethodHandle$Holder.reinvoke_L(java.lang.Object, int, long, java.lang.Object, java.lang.Object, int, java.lang.Object)'> (0x00000000d5839ed8) 
thrown [s\src\hotspot\share\interpreter\linkResolver.cpp, line 773]
Event: 22.131 Thread 0x000002729b3b25a0 Exception <a 'java/lang/NoSuchMethodError'{0x00000000d5dc72b8}: 'java.lang.Object java.lang.invoke.Invokers$Holder.invoke_MT(java.lang.Object, java.lang.Object, java.lang.Object, java.lang.Object, java.lang.Object, java.lang.Object, java.lang.Object, java.lang.Object, java.lang.Object, java.lang.Object)'> (0x00000000d5dc72b8) 
thrown [s\src\hotspot\share\interpreter\linkResolver.cpp, line 773]
Event: 23.057 Thread 0x000002729b3b25a0 Exception <a 'java/io/FileNotFoundException'{0x00000000d6128f28}> (0x00000000d6128f28) 
thrown [s\src\hotspot\share\prims\jni.cpp, line 520]
Event: 23.057 Thread 0x000002729b3b25a0 Exception <a 'java/io/FileNotFoundException'{0x00000000d6129c88}> (0x00000000d6129c88) 
thrown [s\src\hotspot\share\prims\jni.cpp, line 520]
Event: 23.064 Thread 0x000002729b3b25a0 Exception <a 'sun/nio/fs/WindowsException'{0x00000000d6194d20}> (0x00000000d6194d20) 
thrown [s\src\hotspot\share\prims\jni.cpp, line 520]
Event: 23.064 Thread 0x000002729b3b25a0 Exception <a 'sun/nio/fs/WindowsException'{0x00000000d61953d0}> (0x00000000d61953d0) 
thrown [s\src\hotspot\share\prims\jni.cpp, line 520]
Event: 23.087 Thread 0x000002729a3b57c0 Exception <a 'sun/nio/fs/WindowsException'{0x00000000d6205578}> (0x00000000d6205578) 
thrown [s\src\hotspot\share\prims\jni.cpp, line 520]
Event: 23.087 Thread 0x000002729a3b57c0 Exception <a 'sun/nio/fs/WindowsException'{0x00000000d6205ef8}> (0x00000000d6205ef8) 
thrown [s\src\hotspot\share\prims\jni.cpp, line 520]
Event: 23.088 Thread 0x000002729a3b57c0 Exception <a 'sun/nio/fs/WindowsException'{0x00000000d6206de0}> (0x00000000d6206de0) 
thrown [s\src\hotspot\share\prims\jni.cpp, line 520]
Event: 23.088 Thread 0x000002729a3b57c0 Exception <a 'sun/nio/fs/WindowsException'{0x00000000d6207740}> (0x00000000d6207740) 
thrown [s\src\hotspot\share\prims\jni.cpp, line 520]
Event: 23.088 Thread 0x000002729a3b57c0 Exception <a 'sun/nio/fs/WindowsException'{0x00000000d6208fd0}> (0x00000000d6208fd0) 
thrown [s\src\hotspot\share\prims\jni.cpp, line 520]
Event: 23.088 Thread 0x000002729a3b57c0 Exception <a 'sun/nio/fs/WindowsException'{0x00000000d6209930}> (0x00000000d6209930) 
thrown [s\src\hotspot\share\prims\jni.cpp, line 520]
Event: 23.129 Thread 0x000002729b3b25a0 Exception <a 'sun/nio/fs/WindowsException'{0x00000000d5602228}> (0x00000000d5602228) 
thrown [s\src\hotspot\share\prims\jni.cpp, line 520]
Event: 23.129 Thread 0x000002729b3b25a0 Exception <a 'sun/nio/fs/WindowsException'{0x00000000d56028d8}> (0x00000000d56028d8) 
thrown [s\src\hotspot\share\prims\jni.cpp, line 520]
Event: 47712.960 Thread 0x000002729a3b3d80 Exception <a 'java/lang/IncompatibleClassChangeError'{0x00000000d5d13098}: Found class java.lang.Object, but interface was expected> (0x00000000d5d13098) 
thrown [s\src\hotspot\share\interpreter\linkResolver.cpp, line 840]

ZGC Phase Switch (0 events):
No events

VM Operations (20 events):
Event: 47617.578 Executing VM operation: HandshakeAllThreads (HandshakeForDeflation)
Event: 47617.579 Executing VM operation: HandshakeAllThreads (HandshakeForDeflation) done
Event: 47617.579 Executing VM operation: RendezvousGCThreads
Event: 47617.579 Executing VM operation: RendezvousGCThreads done
Event: 47677.764 Executing VM operation: HandshakeAllThreads (HandshakeForDeflation)
Event: 47677.767 Executing VM operation: HandshakeAllThreads (HandshakeForDeflation) done
Event: 47677.767 Executing VM operation: RendezvousGCThreads
Event: 47677.768 Executing VM operation: RendezvousGCThreads done
Event: 47712.864 Executing VM operation: Cleanup
Event: 47712.870 Executing VM operation: Cleanup done
Event: 47713.871 Executing VM operation: Cleanup
Event: 47713.872 Executing VM operation: Cleanup done
Event: 47738.002 Executing VM operation: HandshakeAllThreads (HandshakeForDeflation)
Event: 47738.034 Executing VM operation: HandshakeAllThreads (HandshakeForDeflation) done
Event: 47738.036 Executing VM operation: RendezvousGCThreads
Event: 47738.036 Executing VM operation: RendezvousGCThreads done
Event: 47798.273 Executing VM operation: HandshakeAllThreads (HandshakeForDeflation)
Event: 47798.276 Executing VM operation: HandshakeAllThreads (HandshakeForDeflation) done
Event: 47798.277 Executing VM operation: RendezvousGCThreads
Event: 47798.277 Executing VM operation: RendezvousGCThreads done

Memory protections (0 events):
No events

Nmethod flushes (20 events):
Event: 12.019 Thread 0x0000027253491d20 flushing  nmethod 0x00000272402ad690
Event: 12.019 Thread 0x0000027253491d20 flushing  nmethod 0x00000272402adf90
Event: 12.019 Thread 0x0000027253491d20 flushing  nmethod 0x00000272402af190
Event: 12.019 Thread 0x0000027253491d20 flushing  nmethod 0x00000272402af990
Event: 12.019 Thread 0x0000027253491d20 flushing  nmethod 0x00000272402b0110
Event: 12.019 Thread 0x0000027253491d20 flushing  nmethod 0x00000272402b1690
Event: 12.019 Thread 0x0000027253491d20 flushing  nmethod 0x00000272402b1b90
Event: 12.019 Thread 0x0000027253491d20 flushing  nmethod 0x00000272402b2490
Event: 12.019 Thread 0x0000027253491d20 flushing  nmethod 0x00000272402b2910
Event: 12.019 Thread 0x0000027253491d20 flushing  nmethod 0x00000272402b3490
Event: 12.019 Thread 0x0000027253491d20 flushing  nmethod 0x00000272402b5410
Event: 12.019 Thread 0x0000027253491d20 flushing  nmethod 0x00000272402b5710
Event: 12.019 Thread 0x0000027253491d20 flushing  nmethod 0x00000272402c0690
Event: 12.019 Thread 0x0000027253491d20 flushing  nmethod 0x0000027240308f90
Event: 12.019 Thread 0x0000027253491d20 flushing  nmethod 0x000002724030bd10
Event: 12.019 Thread 0x0000027253491d20 flushing  nmethod 0x0000027240315890
Event: 12.019 Thread 0x0000027253491d20 flushing  nmethod 0x000002724035af90
Event: 12.019 Thread 0x0000027253491d20 flushing  nmethod 0x000002724037c610
Event: 12.019 Thread 0x0000027253491d20 flushing  nmethod 0x000002724038de10
Event: 12.019 Thread 0x0000027253491d20 flushing  nmethod 0x00000272403b4490

Events (20 events):
Event: 19.365 Thread 0x000002729a3b4410 Thread exited: 0x000002729a3b4410
Event: 20.392 Thread 0x000002729ba27c20 Thread exited: 0x000002729ba27c20
Event: 21.451 Thread 0x000002729a3b64e0 Thread added: 0x000002729a3b4410
Event: 21.573 Thread 0x000002729a3b3d80 Thread added: 0x000002729a3b57c0
Event: 33.287 Thread 0x00000272534c5e20 Thread added: 0x000002729cacdaf0
Event: 33.307 Thread 0x00000272534e7a70 Thread added: 0x000002729cacf630
Event: 38.362 Thread 0x000002729cacf630 Thread exited: 0x000002729cacf630
Event: 38.402 Thread 0x000002729cacdaf0 Thread exited: 0x000002729cacdaf0
Event: 83.133 Thread 0x000002729a3b57c0 Thread exited: 0x000002729a3b57c0
Event: 83.135 Thread 0x000002729b3b1f10 Thread exited: 0x000002729b3b1f10
Event: 83.135 Thread 0x000002729b3b3950 Thread exited: 0x000002729b3b3950
Event: 83.157 Thread 0x000002729b3b25a0 Thread exited: 0x000002729b3b25a0
Event: 83.209 Thread 0x000002729b3b32c0 Thread exited: 0x000002729b3b32c0
Event: 143.126 Thread 0x000002729a3b64e0 Thread exited: 0x000002729a3b64e0
Event: 203.502 Thread 0x000002729a3b4410 Thread exited: 0x000002729a3b4410
Event: 263.382 Thread 0x000002729a3b0900 Thread exited: 0x000002729a3b0900
Event: 47592.231 Thread 0x000002729a3b3d80 Thread added: 0x000002729a3b0900
Event: 47592.751 Thread 0x000002729a3b0900 Thread added: 0x000002729a3b4410
Event: 47652.965 Thread 0x000002729a3b0900 Thread exited: 0x000002729a3b0900
Event: 47712.962 Thread 0x000002729a3b4410 Thread exited: 0x000002729a3b4410


Dynamic libraries:
0x00007ff7b2a30000 - 0x00007ff7b2a3e000 	c:\Users\HP\.vscode\extensions\redhat.java-1.52.0-win32-x64\jre\21.0.9-win32-x86_64\bin\java.exe
0x00007ff8adec0000 - 0x00007ff8ae127000 	C:\Windows\SYSTEM32\ntdll.dll
0x00007ff8ac980000 - 0x00007ff8aca49000 	C:\Windows\System32\KERNEL32.DLL
0x00007ff8ab4c0000 - 0x00007ff8ab8af000 	C:\Windows\System32\KERNELBASE.dll
0x00007ff8ab2c0000 - 0x00007ff8ab40b000 	C:\Windows\System32\ucrtbase.dll
0x00007ff892f30000 - 0x00007ff892f4e000 	c:\Users\HP\.vscode\extensions\redhat.java-1.52.0-win32-x64\jre\21.0.9-win32-x86_64\bin\VCRUNTIME140.dll
0x00007ff898880000 - 0x00007ff898898000 	c:\Users\HP\.vscode\extensions\redhat.java-1.52.0-win32-x64\jre\21.0.9-win32-x86_64\bin\jli.dll
0x00007ff8ad4e0000 - 0x00007ff8ad6a5000 	C:\Windows\System32\USER32.dll
0x00007ff8ab9f0000 - 0x00007ff8aba17000 	C:\Windows\System32\win32u.dll
0x00007ff8ad370000 - 0x00007ff8ad39b000 	C:\Windows\System32\GDI32.dll
0x00007ff8ab8c0000 - 0x00007ff8ab9ec000 	C:\Windows\System32\gdi32full.dll
0x00007ff8ab410000 - 0x00007ff8ab4b3000 	C:\Windows\System32\msvcp_win.dll
0x00007ff88e380000 - 0x00007ff88e613000 	C:\Windows\WinSxS\amd64_microsoft.windows.common-controls_6595b64144ccf1df_6.0.26100.7309_none_3e05feeae336a044\COMCTL32.dll
0x00007ff8ad430000 - 0x00007ff8ad4d9000 	C:\Windows\System32\msvcrt.dll
0x00007ff8adc90000 - 0x00007ff8adcc1000 	C:\Windows\System32\IMM32.DLL
0x00007ff894990000 - 0x00007ff89499c000 	c:\Users\HP\.vscode\extensions\redhat.java-1.52.0-win32-x64\jre\21.0.9-win32-x86_64\bin\vcruntime140_1.dll
0x00007ff8508f0000 - 0x00007ff85097d000 	c:\Users\HP\.vscode\extensions\redhat.java-1.52.0-win32-x64\jre\21.0.9-win32-x86_64\bin\msvcp140.dll
0x00007ff800210000 - 0x00007ff800fb0000 	c:\Users\HP\.vscode\extensions\redhat.java-1.52.0-win32-x64\jre\21.0.9-win32-x86_64\bin\server\jvm.dll
0x00007ff8ac800000 - 0x00007ff8ac8b4000 	C:\Windows\System32\ADVAPI32.dll
0x00007ff8ad6d0000 - 0x00007ff8ad776000 	C:\Windows\System32\sechost.dll
0x00007ff8ac660000 - 0x00007ff8ac778000 	C:\Windows\System32\RPCRT4.dll
0x00007ff8ac780000 - 0x00007ff8ac7f4000 	C:\Windows\System32\WS2_32.dll
0x00007ff8aae70000 - 0x00007ff8aaece000 	C:\Windows\SYSTEM32\POWRPROF.dll
0x00007ff89f8b0000 - 0x00007ff89f8e5000 	C:\Windows\SYSTEM32\WINMM.dll
0x00007ff898420000 - 0x00007ff89842b000 	C:\Windows\SYSTEM32\VERSION.dll
0x00007ff8aae40000 - 0x00007ff8aae54000 	C:\Windows\SYSTEM32\UMPDC.dll
0x00007ff8a9d80000 - 0x00007ff8a9d9b000 	C:\Windows\SYSTEM32\kernel.appcore.dll
0x00007ff894770000 - 0x00007ff89477a000 	c:\Users\HP\.vscode\extensions\redhat.java-1.52.0-win32-x64\jre\21.0.9-win32-x86_64\bin\jimage.dll
0x00007ff8a8630000 - 0x00007ff8a8872000 	C:\Windows\SYSTEM32\DBGHELP.DLL
0x00007ff8ad900000 - 0x00007ff8adc86000 	C:\Windows\System32\combase.dll
0x00007ff8abc60000 - 0x00007ff8abd36000 	C:\Windows\System32\OLEAUT32.dll
0x00007ff882e90000 - 0x00007ff882ecc000 	C:\Windows\SYSTEM32\dbgcore.DLL
0x00007ff8ab010000 - 0x00007ff8ab0b5000 	C:\Windows\System32\bcryptPrimitives.dll
0x00007ff890400000 - 0x00007ff89040f000 	c:\Users\HP\.vscode\extensions\redhat.java-1.52.0-win32-x64\jre\21.0.9-win32-x86_64\bin\instrument.dll
0x00007ff891980000 - 0x00007ff8919a0000 	c:\Users\HP\.vscode\extensions\redhat.java-1.52.0-win32-x64\jre\21.0.9-win32-x86_64\bin\java.dll
0x00007ff8abd50000 - 0x00007ff8ac4a3000 	C:\Windows\System32\SHELL32.dll
0x00007ff8ab0c0000 - 0x00007ff8ab22a000 	C:\Windows\System32\wintypes.dll
0x00007ff8a8bd0000 - 0x00007ff8a942e000 	C:\Windows\SYSTEM32\windows.storage.dll
0x00007ff8acad0000 - 0x00007ff8acbc5000 	C:\Windows\System32\SHCORE.dll
0x00007ff8acbd0000 - 0x00007ff8acc36000 	C:\Windows\System32\shlwapi.dll
0x00007ff8aaf30000 - 0x00007ff8aaf59000 	C:\Windows\SYSTEM32\profapi.dll
0x00007ff8918d0000 - 0x00007ff8918e8000 	c:\Users\HP\.vscode\extensions\redhat.java-1.52.0-win32-x64\jre\21.0.9-win32-x86_64\bin\zip.dll
0x00007ff8939d0000 - 0x00007ff8939e0000 	C:\Users\HP\.vscode\extensions\redhat.java-1.52.0-win32-x64\jre\21.0.9-win32-x86_64\bin\net.dll
0x00007ff89a330000 - 0x00007ff89a458000 	C:\Windows\SYSTEM32\WINHTTP.dll
0x00007ff8aa2d0000 - 0x00007ff8aa33b000 	C:\Windows\system32\mswsock.dll
0x00007ff88dfd0000 - 0x00007ff88dfe6000 	C:\Users\HP\.vscode\extensions\redhat.java-1.52.0-win32-x64\jre\21.0.9-win32-x86_64\bin\nio.dll
0x00007ff88f680000 - 0x00007ff88f690000 	c:\Users\HP\.vscode\extensions\redhat.java-1.52.0-win32-x64\jre\21.0.9-win32-x86_64\bin\verify.dll
0x00007ff883230000 - 0x00007ff883275000 	C:\Users\HP\AppData\Roaming\Code\User\globalStorage\redhat.java\1.52.0\config_win\org.eclipse.equinox.launcher\org.eclipse.equinox.launcher.win32.win32.x86_64_1.2.1500.v20260121-1430\eclipse_11919.dll
0x00007ff8adcd0000 - 0x00007ff8ade67000 	C:\Windows\System32\ole32.dll
0x00007ff8aa6c0000 - 0x00007ff8aa6db000 	C:\Windows\SYSTEM32\CRYPTSP.dll
0x00007ff8a9ce0000 - 0x00007ff8a9d1a000 	C:\Windows\system32\rsaenh.dll
0x00007ff8aa380000 - 0x00007ff8aa3ab000 	C:\Windows\SYSTEM32\USERENV.dll
0x00007ff8aaf00000 - 0x00007ff8aaf2a000 	C:\Windows\SYSTEM32\bcrypt.dll
0x00007ff8aa520000 - 0x00007ff8aa52c000 	C:\Windows\SYSTEM32\CRYPTBASE.dll
0x00007ff8a9770000 - 0x00007ff8a97a4000 	C:\Windows\SYSTEM32\IPHLPAPI.DLL
0x00007ff8ad780000 - 0x00007ff8ad78a000 	C:\Windows\System32\NSI.dll
0x00007ff869fb0000 - 0x00007ff869ff9000 	C:\Users\HP\AppData\Local\Temp\jna-2312\jna14981547653925851787.dll
0x00007ff8ad330000 - 0x00007ff8ad338000 	C:\Windows\System32\PSAPI.DLL
0x00007ff89af10000 - 0x00007ff89af2e000 	C:\Windows\SYSTEM32\dhcpcsvc6.DLL
0x00007ff89aee0000 - 0x00007ff89af03000 	C:\Windows\SYSTEM32\dhcpcsvc.DLL
0x00007ff88a790000 - 0x00007ff88a7b7000 	C:\Users\HP\.gradle\native\1def1411415f61bf3af743bc5b6707747c0891f09f0c88961ee8f79bc544acac\windows-amd64\native-platform.dll
0x00007ff88f230000 - 0x00007ff88f23a000 	C:\Users\HP\.vscode\extensions\redhat.java-1.52.0-win32-x64\jre\21.0.9-win32-x86_64\bin\management.dll
0x00007ff88e000000 - 0x00007ff88e00c000 	C:\Users\HP\.vscode\extensions\redhat.java-1.52.0-win32-x64\jre\21.0.9-win32-x86_64\bin\management_ext.dll

JVMTI agents:
c:\Users\HP\.vscode\extensions\redhat.java-1.52.0-win32-x64\lombok\lombok-1.18.39-4050.jar path:c:\Users\HP\.vscode\extensions\redhat.java-1.52.0-win32-x64\jre\21.0.9-win32-x86_64\bin\instrument.dll, loaded, initialized, instrumentlib options:none

dbghelp: loaded successfully - version: 4.0.5 - missing functions: none
symbol engine: initialized successfully - sym options: 0x614 - pdb path: .;c:\Users\HP\.vscode\extensions\redhat.java-1.52.0-win32-x64\jre\21.0.9-win32-x86_64\bin;C:\Windows\SYSTEM32;C:\Windows\WinSxS\amd64_microsoft.windows.common-controls_6595b64144ccf1df_6.0.26100.7309_none_3e05feeae336a044;c:\Users\HP\.vscode\extensions\redhat.java-1.52.0-win32-x64\jre\21.0.9-win32-x86_64\bin\server;C:\Users\HP\AppData\Roaming\Code\User\globalStorage\redhat.java\1.52.0\config_win\org.eclipse.equinox.launcher\org.eclipse.equinox.launcher.win32.win32.x86_64_1.2.1500.v20260121-1430;C:\Users\HP\AppData\Local\Temp\jna-2312;C:\Users\HP\.gradle\native\1def1411415f61bf3af743bc5b6707747c0891f09f0c88961ee8f79bc544acac\windows-amd64

VM Arguments:
jvm_args: --add-modules=ALL-SYSTEM --add-opens=java.base/java.util=ALL-UNNAMED --add-opens=java.base/java.lang=ALL-UNNAMED --add-opens=java.base/sun.nio.fs=ALL-UNNAMED -Declipse.application=org.eclipse.jdt.ls.core.id1 -Dosgi.bundles.defaultStartLevel=4 -Declipse.product=org.eclipse.jdt.ls.core.product -Djava.import.generatesMetadataFilesAtProjectRoot=false -DDetectVMInstallationsJob.disabled=true -Dfile.encoding=utf8 -XX:+UseParallelGC -XX:GCTimeRatio=4 -XX:AdaptiveSizePolicyWeight=90 -Dsun.zip.disableMemoryMapping=true -Xmx2G -Xms100m -Xlog:disable -javaagent:c:\Users\HP\.vscode\extensions\redhat.java-1.52.0-win32-x64\lombok\lombok-1.18.39-4050.jar -XX:+HeapDumpOnOutOfMemoryError -XX:HeapDumpPath=c:\Users\HP\AppData\Roaming\Code\User\workspaceStorage\b92cd78c7fc6233ae7304c7b207eac48\redhat.java -Daether.dependencyCollector.impl=bf 
java_command: c:\Users\HP\.vscode\extensions\redhat.java-1.52.0-win32-x64\server\plugins\org.eclipse.equinox.launcher_1.7.100.v20251111-0406.jar -configuration c:\Users\HP\AppData\Roaming\Code\User\globalStorage\redhat.java\1.52.0\config_win -data c:\Users\HP\AppData\Roaming\Code\User\workspaceStorage\b92cd78c7fc6233ae7304c7b207eac48\redhat.java\jdt_ws --pipe=\\.\pipe\lsp-c35fd9f56c9993bdce0026c0c98c6619-sock
java_class_path (initial): c:\Users\HP\.vscode\extensions\redhat.java-1.52.0-win32-x64\server\plugins\org.eclipse.equinox.launcher_1.7.100.v20251111-0406.jar
Launcher Type: SUN_STANDARD

[Global flags]
    uintx AdaptiveSizePolicyWeight                 = 90                                        {product} {command line}
     intx CICompilerCount                          = 4                                         {product} {ergonomic}
    uintx GCTimeRatio                              = 4                                         {product} {command line}
     bool HeapDumpOnOutOfMemoryError               = true                                   {manageable} {command line}
    ccstr HeapDumpPath                             = c:\Users\HP\AppData\Roaming\Code\User\workspaceStorage\b92cd78c7fc6233ae7304c7b207eac48\redhat.java         {manageable} {command line}
   size_t InitialHeapSize                          = 104857600                                 {product} {command line}
   size_t MaxHeapSize                              = 2147483648                                {product} {command line}
   size_t MaxNewSize                               = 715653120                                 {product} {ergonomic}
   size_t MinHeapDeltaBytes                        = 524288                                    {product} {ergonomic}
   size_t MinHeapSize                              = 104857600                                 {product} {command line}
   size_t NewSize                                  = 34603008                                  {product} {ergonomic}
    uintx NonNMethodCodeHeapSize                   = 5839372                                {pd product} {ergonomic}
    uintx NonProfiledCodeHeapSize                  = 122909434                              {pd product} {ergonomic}
   size_t OldSize                                  = 70254592                                  {product} {ergonomic}
    uintx ProfiledCodeHeapSize                     = 122909434                              {pd product} {ergonomic}
    uintx ReservedCodeCacheSize                    = 251658240                              {pd product} {ergonomic}
     bool SegmentedCodeCache                       = true                                      {product} {ergonomic}
   size_t SoftMaxHeapSize                          = 2147483648                             {manageable} {ergonomic}
     bool UseCompressedOops                        = true                           {product lp64_product} {ergonomic}
     bool UseLargePagesIndividualAllocation        = false                                  {pd product} {ergonomic}
     bool UseParallelGC                            = true                                      {product} {command line}

Logging:
Log output configuration:
 #0: stdout all=off uptime,level,tags foldmultilines=false
 #1: stderr all=off uptime,level,tags foldmultilines=false

Release file:
JAVA_VERSION="21.0.9" 
MODULES="java.base java.compiler java.datatransfer java.xml java.prefs java.desktop java.instrument java.logging java.management java.security.sasl java.naming java.rmi java.management.rmi java.net.http java.scripting java.security.jgss java.transaction.xa java.sql java.sql.rowset java.xml.crypto java.se java.smartcardio jdk.accessibility jdk.internal.jvmstat jdk.attach jdk.charsets jdk.internal.opt jdk.zipfs jdk.compiler jdk.crypto.ec jdk.crypto.cryptoki jdk.crypto.mscapi jdk.dynalink jdk.internal.ed jdk.editpad jdk.hotspot.agent jdk.httpserver jdk.internal.le jdk.internal.vm.ci jdk.internal.vm.compiler jdk.internal.vm.compiler.management jdk.jartool jdk.javadoc jdk.jcmd jdk.management jdk.management.agent jdk.jconsole jdk.jdeps jdk.jdwp.agent jdk.jdi jdk.jfr jdk.jshell jdk.jsobject jdk.jstatd jdk.localedata jdk.management.jfr jdk.naming.dns jdk.naming.rmi jdk.net jdk.nio.mapmode jdk.random jdk.sctp jdk.security.auth jdk.security.jgss jdk.unsupported jdk.unsupported.desktop jdk.xml.dom" 

Environment Variables:
PATH=C:\Windows\system32;C:\Windows;C:\Windows\System32\Wbem;C:\Windows\System32\WindowsPowerShell\v1.0\;C:\Windows\System32\OpenSSH\;C:\xampp\php;C:\composer;C:\Program Files\Git\cmd;C:\Program Files\Git\bin;C:\Program Files\Git\cmd;C:\Program Files\cursor\resources\app\bin;C:\Users\HP\AppData\Local\Android\Sdk\platform-tools;C:\Program Files\nodejs\;C:\ProgramData\chocolatey\bin;C:\Program Files\Android\Android Studio\jbr;C:\Program Files\Android\Android Studio\jbr\bin;;C:\Program Files\Docker\Docker\resources\bin;C:\Users\HP\AppData\Local\Microsoft\WindowsApps;C:\Users\HP\AppData\Local\Programs\Microsoft VS Code\bin;C:\Users\HP\AppData\Roaming\Composer\vendor\bin;C:\src\flutter\flutter\bin;C:\Users\HP\AppData\Roaming\npm;C:\Users\HP\AppData\Local\Programs\Antigravity\bin
USERNAME=HP
OS=Windows_NT
PROCESSOR_IDENTIFIER=Intel64 Family 6 Model 140 Stepping 1, GenuineIntel
TMP=C:\Users\HP\AppData\Local\Temp
TEMP=C:\Users\HP\AppData\Local\Temp




Periodic native trim disabled

---------------  S Y S T E M  ---------------

OS:
 Windows 11 , 64 bit Build 26100 (10.0.26100.7623)
OS uptime: 12 days 13:44 hours
Hyper-V role detected

CPU: total 8 (initial active 8) (4 cores per cpu, 2 threads per core) family 6 model 140 stepping 1 microcode 0xb4, cx8, cmov, fxsr, ht, mmx, 3dnowpref, sse, sse2, sse3, ssse3, sse4.1, sse4.2, popcnt, lzcnt, tsc, tscinvbit, avx, avx2, aes, erms, clmul, bmi1, bmi2, adx, avx512f, avx512dq, avx512cd, avx512bw, avx512vl, sha, fma, vzeroupper, avx512_vpopcntdq, avx512_vpclmulqdq, avx512_vaes, avx512_vnni, clflush, clflushopt, clwb, avx512_vbmi2, avx512_vbmi, hv, rdtscp, rdpid, fsrm, gfni, avx512_bitalg, f16c, cet_ibt, cet_ss, avx512_ifma
Processor Information for the first 8 processors :
  Max Mhz: 2401, Current Mhz: 2401, Mhz Limit: 2401

Memory: 4k page, system-wide physical 7834M (280M free)
TotalPageFile size 25371M (AvailPageFile size 81M)
current process WorkingSet (physical memory assigned to process): 7M, peak: 237M
current process commit charge ("private bytes"): 332M, peak: 366M

vm_info: OpenJDK 64-Bit Server VM (21.0.9+10-LTS) for windows-amd64 JRE (21.0.9+10-LTS), built on 2025-10-21T00:00:00Z by "admin" with unknown MS VC++:1942

END.
